2026-04-09T00:10:52.124Z | buy | USDC=30 | fiat=BRL | rate=5.68 | in=170.38 BRL | out=30.00 USDC | quoteId=51742215-0036-4883-becb-c7516d811fee
2026-04-09T00:10:52.124Z | buy | USDC=30 | fiat=KES | rate=135.30 | in=4059.00 KES | out=30.00 USDC | quoteId=82a64d3b-696c-4444-95f6-b822dacdc0fd
2026-04-09T00:10:52.124Z | buy | USDC=30 | fiat=MWK | rate=1938.46 | in=58153.86 MWK | out=30.00 USDC | quoteId=a4a2e321-4292-42a5-8e83-8023914038cd
2026-04-09T00:10:52.124Z | buy | USDC=30 | fiat=NGN | rate=1526.81 | in=45804.19 NGN | out=30.00 USDC | quoteId=c495b02c-9745-48b4-8300-704feabbcb01
2026-04-09T00:10:52.124Z | buy | USDC=30 | fiat=RWF | rate=1587.72 | in=47631.75 RWF | out=30.00 USDC | quoteId=70e8d993-3c9e-47d5-99b3-a6c207d85f76
2026-04-09T00:10:52.124Z | buy | USDC=30 | fiat=TZS | rate=2785.95 | in=83578.50 TZS | out=30.00 USDC | quoteId=84a41ff6-b569-43be-b2f3-9f6e3bfcb07b
2026-04-09T00:10:52.124Z | buy | USDC=30 | fiat=UGX | rate=4063.10 | in=121893.00 UGX | out=30.00 USDC | quoteId=65266087-6a44-4d23-8278-e1c364020c52
2026-04-09T00:10:52.124Z | buy | USDC=30 | fiat=USD | rate=12.33 | in=369.92 USD | out=30.00 USDC | quoteId=d0f42742-3cb2-49f9-8d8c-4bacea155091
2026-04-09T00:10:52.124Z | buy | USDC=30 | fiat=XAF | rate=618.07 | in=18542.25 XAF | out=30.00 USDC | quoteId=92e6924b-99e3-426f-8c47-1740ce0395ec
2026-04-09T00:10:52.124Z | buy | USDC=30 | fiat=XOF | rate=603.72 | in=18111.75 XOF | out=30.00 USDC | quoteId=972dd46d-ee86-41d3-9e7f-51d2e3596190
2026-04-09T00:10:52.124Z | buy | USDC=30 | fiat=ZAR | rate=18.25 | in=547.59 ZAR | out=30.00 USDC | quoteId=f6df0535-0835-4c34-91d3-062a9b8c0089
2026-04-09T00:10:52.124Z | buy | USDC=30 | fiat=ZMW | rate=20.55 | in=616.54 ZMW | out=30.00 USDC | quoteId=fbdebe1d-004b-4407-93d7-c1440e487651
2026-04-09T00:56:26.847Z | buy | USDC=30 | fiat=AED | rate=4.09 | in=122.73 AED | out=30.00 USDC | quoteId=e4ae13eb-7f8c-42df-8a1f-7c593dbac855
2026-04-09T00:56:26.847Z | buy | USDC=30 | fiat=AFN | rate=72.37 | in=2170.98 AFN | out=30.00 USDC | quoteId=c7877c19-c0d6-4960-afc1-af0d0b3d8a5c
2026-04-09T00:56:26.847Z | buy | USDC=30 | fiat=ALL | rate=91.63 | in=2748.76 ALL | out=30.00 USDC | quoteId=d35a4f4f-e04c-478b-9bd1-170e9f09f33a
2026-04-09T00:56:26.847Z | buy | USDC=30 | fiat=AMD | rate=419.95 | in=12598.55 AMD | out=30.00 USDC | quoteId=8b071968-dfb7-4a56-86ae-ec76fe64e3e7
2026-04-09T00:56:26.847Z | buy | USDC=30 | fiat=ANG | rate=1.99 | in=59.82 ANG | out=30.00 USDC | quoteId=516f88a5-2537-45c3-9129-1ab4a6ef35df
2026-04-09T00:56:26.847Z | buy | USDC=30 | fiat=AOA | rate=1027.83 | in=30835.02 AOA | out=30.00 USDC | quoteId=3cdf317c-7758-4995-8e96-91678f776f1f
2026-04-09T00:56:34.654Z | sell | USDC=30 | fiat=AED | rate=3.73 | in=30.00 USDC | out=111.80 AED | quoteId=998d5b60-2204-43fe-ba87-edcb3a190df0
2026-04-09T00:56:26.847Z | buy | USDC=30 | fiat=ARS | rate=1545.12 | in=46353.72 ARS | out=30.00 USDC | quoteId=d878fbe3-f023-421d-beb8-c712c82c59ba
2026-04-09T00:56:34.654Z | sell | USDC=30 | fiat=AFN | rate=65.92 | in=30.00 USDC | out=1977.60 AFN | quoteId=86968438-8349-410b-ad49-ffd7860a6007
2026-04-09T00:56:26.847Z | buy | USDC=30 | fiat=AUD | rate=1.58 | in=47.44 AUD | out=30.00 USDC | quoteId=61430810-e101-4761-98ba-543eaa746678
2026-04-09T00:56:34.654Z | sell | USDC=30 | fiat=ALL | rate=83.46 | in=30.00 USDC | out=2503.92 ALL | quoteId=34c97a4f-4ce0-4c19-b6e6-eefcc4221579
2026-04-09T00:56:26.847Z | buy | USDC=30 | fiat=AWG | rate=1.99 | in=59.82 AWG | out=30.00 USDC | quoteId=e52d2847-fd74-4a0d-92ee-6e4324abf616
2026-04-09T00:56:34.654Z | sell | USDC=30 | fiat=AMD | rate=382.55 | in=30.00 USDC | out=11476.36 AMD | quoteId=2b3a29a3-b0d2-4732-a41c-b7faa9212579
2026-04-09T00:56:26.847Z | buy | USDC=30 | fiat=AZN | rate=1.89 | in=56.84 AZN | out=30.00 USDC | quoteId=cf32a270-b538-4903-a779-15533ee38b2d
2026-04-09T00:56:34.654Z | sell | USDC=30 | fiat=ANG | rate=1.82 | in=30.00 USDC | out=54.49 ANG | quoteId=54136fe5-a3fd-47c4-8174-7b09e2340bd8
2026-04-09T00:56:26.847Z | buy | USDC=30 | fiat=BAM | rate=1.87 | in=55.97 BAM | out=30.00 USDC | quoteId=774d68d3-d17b-4f4f-a6ad-3bbccbaeda4b
2026-04-09T00:56:34.654Z | sell | USDC=30 | fiat=AOA | rate=936.28 | in=30.00 USDC | out=28088.45 AOA | quoteId=0131fa9b-8aa5-4641-8a25-3b1330ad3ac0
2026-04-09T00:56:34.654Z | sell | USDC=30 | fiat=ARS | rate=1407.50 | in=30.00 USDC | out=42224.85 ARS | quoteId=c32f06f4-18aa-4bbb-8083-cbb95e2efdec
2026-04-09T00:56:34.654Z | sell | USDC=30 | fiat=AUD | rate=1.44 | in=30.00 USDC | out=43.21 AUD | quoteId=24e47bc0-95fc-48a2-a8c0-d1a3ef5f48d6
2026-04-09T00:56:26.847Z | buy | USDC=30 | fiat=BBD | rate=2.23 | in=66.84 BBD | out=30.00 USDC | quoteId=a722523b-2031-4c62-99ad-06cd3c87e716
2026-04-09T00:56:34.654Z | sell | USDC=30 | fiat=AWG | rate=1.82 | in=30.00 USDC | out=54.49 AWG | quoteId=ee7e1baf-d3ef-444b-8a17-148a0294560b
2026-04-09T00:56:26.847Z | buy | USDC=30 | fiat=BDT | rate=136.92 | in=4107.68 BDT | out=30.00 USDC | quoteId=6b897834-bcce-4dd8-8ab2-eb4746ca875b
2026-04-09T00:56:26.847Z | buy | USDC=30 | fiat=BGN | rate=1.87 | in=55.97 BGN | out=30.00 USDC | quoteId=2f4a870c-7874-4d9c-b7e1-ef607d950491
2026-04-09T00:56:34.654Z | sell | USDC=30 | fiat=AZN | rate=1.73 | in=30.00 USDC | out=51.77 AZN | quoteId=33b5acd6-4c1e-4d07-a2d8-7b585a4b5965
2026-04-09T00:56:26.847Z | buy | USDC=30 | fiat=BHD | rate=0.42 | in=12.57 BHD | out=30.00 USDC | quoteId=7c7d3302-0653-4770-a42a-04b415449710
2026-04-09T00:56:34.654Z | sell | USDC=30 | fiat=BAM | rate=1.70 | in=30.00 USDC | out=50.99 BAM | quoteId=476c0751-c01c-4131-8fec-a7b5400dcb37
2026-04-09T00:56:26.847Z | buy | USDC=30 | fiat=BIF | rate=3321.44 | in=99643.16 BIF | out=30.00 USDC | quoteId=956e22b5-dc38-420c-bcd1-ca173d37c7b7
2026-04-09T00:56:34.654Z | sell | USDC=30 | fiat=BBD | rate=2.03 | in=30.00 USDC | out=60.89 BBD | quoteId=ca43575f-d3b3-48c2-9712-4dcafd59f77c
2026-04-09T00:56:26.847Z | buy | USDC=30 | fiat=BMD | rate=1.11 | in=33.42 BMD | out=30.00 USDC | quoteId=e921e982-47de-4558-8b5d-273068229d00
2026-04-09T00:56:34.654Z | sell | USDC=30 | fiat=BDT | rate=124.73 | in=30.00 USDC | out=3741.79 BDT | quoteId=5877a25c-df26-4fbd-bc8d-73428cc00e09
2026-04-09T00:56:26.847Z | buy | USDC=30 | fiat=BND | rate=1.42 | in=42.58 BND | out=30.00 USDC | quoteId=014b4384-9104-421a-b548-a0afecb5a2f1
2026-04-09T00:56:34.654Z | sell | USDC=30 | fiat=BGN | rate=1.70 | in=30.00 USDC | out=50.99 BGN | quoteId=26160a88-4181-4cb8-9a62-8d3cd045de08
2026-04-09T00:56:26.847Z | buy | USDC=30 | fiat=BOB | rate=7.71 | in=231.45 BOB | out=30.00 USDC | quoteId=a72120f0-f06c-4c85-aa24-b83752e1ee1e
2026-04-09T00:56:34.654Z | sell | USDC=30 | fiat=BHD | rate=0.38 | in=30.00 USDC | out=11.45 BHD | quoteId=c16cd229-6fb3-450c-a8a7-9e9e4782c319
2026-04-09T00:56:34.654Z | sell | USDC=30 | fiat=BIF | rate=3025.59 | in=30.00 USDC | out=90767.64 BIF | quoteId=a82999d4-e198-4898-bc9f-1cf1242a2a13
2026-04-09T00:56:26.847Z | buy | USDC=30 | fiat=BRL | rate=5.68 | in=170.53 BRL | out=30.00 USDC | quoteId=7acbfe0c-1f79-469c-86a1-0706577d4dc2
2026-04-09T00:56:34.654Z | sell | USDC=30 | fiat=BMD | rate=1.01 | in=30.00 USDC | out=30.44 BMD | quoteId=b69647c9-3071-4a88-9173-b94895263c9f
2026-04-09T00:56:26.847Z | buy | USDC=30 | fiat=BSD | rate=1.11 | in=33.42 BSD | out=30.00 USDC | quoteId=2d3a58fc-71cd-421c-a166-8c041e7c0afb
2026-04-09T00:56:34.654Z | sell | USDC=30 | fiat=BND | rate=1.29 | in=30.00 USDC | out=38.79 BND | quoteId=4828233a-3858-4118-8bf8-68ce6a634185
2026-04-09T00:56:26.847Z | buy | USDC=30 | fiat=BTN | rate=103.13 | in=3093.78 BTN | out=30.00 USDC | quoteId=26f86ca7-3671-4b90-b434-2295ce908e4b
2026-04-09T00:56:34.654Z | sell | USDC=30 | fiat=BOB | rate=7.03 | in=30.00 USDC | out=210.83 BOB | quoteId=5d186f10-e91d-459f-b967-9ab35c88bab6
2026-04-09T00:56:26.847Z | buy | USDC=30 | fiat=BWP | rate=15.22 | in=456.75 BWP | out=30.00 USDC | quoteId=91d8b098-2de2-472d-89d6-eebdab492f2d
2026-04-09T00:56:26.847Z | buy | USDC=30 | fiat=BYN | rate=3.25 | in=97.48 BYN | out=30.00 USDC | quoteId=c8d8cf81-5324-43ec-808f-98e273076185
2026-04-09T00:56:26.847Z | buy | USDC=30 | fiat=BZD | rate=2.23 | in=66.84 BZD | out=30.00 USDC | quoteId=df4e12cf-bf6e-40a6-b98a-7539964a1e00
2026-04-09T00:56:26.847Z | buy | USDC=30 | fiat=CAD | rate=1.54 | in=46.28 CAD | out=30.00 USDC | quoteId=c39bd61c-bb62-4159-9661-e4a3d8253459
2026-04-09T00:56:34.654Z | sell | USDC=30 | fiat=BRL | rate=5.18 | in=30.00 USDC | out=155.34 BRL | quoteId=f9dad9f3-5cf0-4fb1-a16a-49167625568b
2026-04-09T00:56:26.847Z | buy | USDC=30 | fiat=CDF | rate=2574.43 | in=77232.84 CDF | out=30.00 USDC | quoteId=e4e56297-38aa-41a5-950d-f8d410b4eb1c
2026-04-09T00:56:34.654Z | sell | USDC=30 | fiat=BSD | rate=1.01 | in=30.00 USDC | out=30.44 BSD | quoteId=dca449e2-31a9-4b4d-a452-16f80a490acf
2026-04-09T00:56:26.847Z | buy | USDC=30 | fiat=CHF | rate=0.88 | in=26.42 CHF | out=30.00 USDC | quoteId=dd763c6c-5b08-4f12-8ccd-bea4a174a400
2026-04-09T00:56:34.654Z | sell | USDC=30 | fiat=BTN | rate=93.94 | in=30.00 USDC | out=2818.21 BTN | quoteId=4f93f6ba-5ad3-4d93-9bf2-3aef3f049941
2026-04-09T00:56:26.847Z | buy | USDC=30 | fiat=CLF | rate=0.03 | in=0.77 CLF | out=30.00 USDC | quoteId=5d9453df-92c2-4e6a-86cc-8c02dd06b9d7
2026-04-09T00:56:34.654Z | sell | USDC=30 | fiat=BWP | rate=13.87 | in=30.00 USDC | out=416.06 BWP | quoteId=9b2a0589-5938-480a-b283-8e12bbac179c
2026-04-09T00:56:26.847Z | buy | USDC=30 | fiat=CLP | rate=1020.38 | in=30611.30 CLP | out=30.00 USDC | quoteId=58bb486c-4a1d-4918-a472-e612bf3ce1df
2026-04-09T00:56:34.654Z | sell | USDC=30 | fiat=BYN | rate=2.96 | in=30.00 USDC | out=88.80 BYN | quoteId=f87ed22b-43ca-465c-bac3-8df106dae4e9
2026-04-09T00:56:26.847Z | buy | USDC=30 | fiat=CNH | rate=7.61 | in=228.29 CNH | out=30.00 USDC | quoteId=c5578124-3933-4276-93e9-3046979c9804
2026-04-09T00:56:26.847Z | buy | USDC=30 | fiat=CNY | rate=7.62 | in=228.71 CNY | out=30.00 USDC | quoteId=75a0d6a6-ffec-4968-86f0-0fde58f4c3f5
2026-04-09T00:56:34.654Z | sell | USDC=30 | fiat=BZD | rate=2.03 | in=30.00 USDC | out=60.89 BZD | quoteId=f3c16839-3d79-4f10-aa23-108b0e54792c
2026-04-09T00:56:26.847Z | buy | USDC=30 | fiat=COP | rate=4107.27 | in=123218.18 COP | out=30.00 USDC | quoteId=69330bc9-be36-430b-ac41-2b82fd86cf54
2026-04-09T00:56:34.654Z | sell | USDC=30 | fiat=CAD | rate=1.41 | in=30.00 USDC | out=42.15 CAD | quoteId=f1373063-3217-4aa5-9ecd-62b31dfbb880
2026-04-09T00:56:34.654Z | sell | USDC=30 | fiat=CDF | rate=2345.12 | in=30.00 USDC | out=70353.48 CDF | quoteId=75e60745-f92c-4ef7-a5f7-4864b5256e76
2026-04-09T00:56:26.847Z | buy | USDC=30 | fiat=CRC | rate=517.09 | in=15512.81 CRC | out=30.00 USDC | quoteId=942e58a5-8fa9-4fee-bbf9-658a298e8e71
2026-04-09T00:56:34.654Z | sell | USDC=30 | fiat=CHF | rate=0.80 | in=30.00 USDC | out=24.06 CHF | quoteId=4e78e088-868b-4544-98b1-a52a7b9dcc1f
2026-04-09T00:56:34.654Z | sell | USDC=30 | fiat=CLF | rate=0.02 | in=30.00 USDC | out=0.71 CLF | quoteId=7a600fd3-7990-412e-b81d-f2cdfc0f0e71
2026-04-09T00:56:26.847Z | buy | USDC=30 | fiat=CUP | rate=26.74 | in=802.07 CUP | out=30.00 USDC | quoteId=398651db-73ad-4268-9d57-f4509da2969c
2026-04-09T00:56:34.654Z | sell | USDC=30 | fiat=CLP | rate=929.49 | in=30.00 USDC | out=27884.66 CLP | quoteId=53fe5d07-46ba-4a7f-bd6e-b65a6d800c8c
2026-04-09T00:56:26.847Z | buy | USDC=30 | fiat=CVE | rate=105.19 | in=3155.68 CVE | out=30.00 USDC | quoteId=e0ce14f3-9f61-43f1-8058-37cc8122c633
2026-04-09T00:56:34.654Z | sell | USDC=30 | fiat=CNH | rate=6.93 | in=30.00 USDC | out=207.96 CNH | quoteId=ecaa43b5-bb28-4267-a10d-251ead283d98
2026-04-09T00:56:26.847Z | buy | USDC=30 | fiat=CZK | rate=23.28 | in=698.28 CZK | out=30.00 USDC | quoteId=80b4e597-7d79-4875-96b1-d730918b61c6
2026-04-09T00:56:34.654Z | sell | USDC=30 | fiat=CNY | rate=6.94 | in=30.00 USDC | out=208.34 CNY | quoteId=8a7b6a3a-9006-4d94-96db-ffefb902ed4a
2026-04-09T00:56:26.847Z | buy | USDC=30 | fiat=DJF | rate=197.98 | in=5939.33 DJF | out=30.00 USDC | quoteId=e8a54c4e-d173-4f3f-ab15-328b91679511
2026-04-09T00:56:34.654Z | sell | USDC=30 | fiat=COP | rate=3741.43 | in=30.00 USDC | out=112242.77 COP | quoteId=e1406bb5-d58c-4110-b522-3d99ec223444
2026-04-09T00:56:26.847Z | buy | USDC=30 | fiat=DKK | rate=7.12 | in=213.47 DKK | out=30.00 USDC | quoteId=53ec39c3-a519-4421-88a9-3dc09ae27ba7
2026-04-09T00:56:34.654Z | sell | USDC=30 | fiat=CRC | rate=471.03 | in=30.00 USDC | out=14131.03 CRC | quoteId=06488143-fecb-4345-8143-2d1fb95a2ef6
2026-04-09T00:56:26.847Z | buy | USDC=30 | fiat=DOP | rate=67.39 | in=2021.65 DOP | out=30.00 USDC | quoteId=0dc0ba9e-4b74-49fb-9edd-6820fad83493
2026-04-09T00:56:34.654Z | sell | USDC=30 | fiat=CUP | rate=24.35 | in=30.00 USDC | out=730.62 CUP | quoteId=698e0594-4404-4cfc-b480-20e146fa3141
2026-04-09T00:56:26.847Z | buy | USDC=30 | fiat=DZD | rate=147.60 | in=4428.11 DZD | out=30.00 USDC | quoteId=df687a87-d874-4c13-9645-48c8f1b3ea2d
2026-04-09T00:56:34.654Z | sell | USDC=30 | fiat=CVE | rate=95.82 | in=30.00 USDC | out=2874.60 CVE | quoteId=c2f97f97-c8bb-4fc0-a99d-c8a7a2aa9005
2026-04-09T00:56:26.847Z | buy | USDC=30 | fiat=EGP | rate=59.40 | in=1781.93 EGP | out=30.00 USDC | quoteId=0b34d7c4-e6f6-48d7-98ec-0a36664c76ed
2026-04-09T00:56:34.654Z | sell | USDC=30 | fiat=CZK | rate=21.20 | in=30.00 USDC | out=636.09 CZK | quoteId=ace3f0ad-2df3-49f6-8ced-88b584f6752c
2026-04-09T00:56:26.847Z | buy | USDC=30 | fiat=ERN | rate=16.71 | in=501.29 ERN | out=30.00 USDC | quoteId=009d07dc-63ab-44b5-ba2a-90b9ec3d6add
2026-04-09T00:56:34.654Z | sell | USDC=30 | fiat=DJF | rate=180.34 | in=30.00 USDC | out=5410.29 DJF | quoteId=272a9a6f-1eae-4448-91cc-c383e3a533d2
2026-04-09T00:56:26.847Z | buy | USDC=30 | fiat=ETB | rate=174.14 | in=5224.19 ETB | out=30.00 USDC | quoteId=82b8729f-8346-4416-aec9-9b79e18d8f52
2026-04-09T00:56:34.654Z | sell | USDC=30 | fiat=DKK | rate=6.48 | in=30.00 USDC | out=194.46 DKK | quoteId=f4d69523-8d85-40b7-83fb-8f71ecc36107
2026-04-09T00:56:26.847Z | buy | USDC=30 | fiat=EUR | rate=0.95 | in=28.62 EUR | out=30.00 USDC | quoteId=d544d960-fb00-4a78-93d4-722ca47bd668
2026-04-09T00:56:34.654Z | sell | USDC=30 | fiat=DOP | rate=61.39 | in=30.00 USDC | out=1841.58 DOP | quoteId=4dec44ac-5b92-4d4a-a6a7-b6711eb82a4e
2026-04-09T00:56:26.847Z | buy | USDC=30 | fiat=FJD | rate=2.47 | in=74.06 FJD | out=30.00 USDC | quoteId=c37347df-ead5-41c5-9eb8-7e4572d89fca
2026-04-09T00:56:34.654Z | sell | USDC=30 | fiat=DZD | rate=134.46 | in=30.00 USDC | out=4033.69 DZD | quoteId=8ce8c314-cf14-4884-8873-a1ef14d544b4
2026-04-09T00:56:26.847Z | buy | USDC=30 | fiat=FKP | rate=0.83 | in=24.91 FKP | out=30.00 USDC | quoteId=d8ef729e-e37f-4676-a32a-9fad6ace457d
2026-04-09T00:56:34.654Z | sell | USDC=30 | fiat=EGP | rate=54.11 | in=30.00 USDC | out=1623.21 EGP | quoteId=0840084b-622a-4ed8-a9d0-3d76ea587811
2026-04-09T00:56:26.847Z | buy | USDC=30 | fiat=FOK | rate=7.12 | in=213.47 FOK | out=30.00 USDC | quoteId=f4f2c815-fcad-4257-8427-bd4451963568
2026-04-09T00:56:34.654Z | sell | USDC=30 | fiat=ERN | rate=15.22 | in=30.00 USDC | out=456.64 ERN | quoteId=afc1f667-6730-4e37-9068-c0c87d1a9abf
2026-04-09T00:56:26.847Z | buy | USDC=30 | fiat=GBP | rate=0.83 | in=24.91 GBP | out=30.00 USDC | quoteId=341b89f5-a2ec-4d60-b32d-b16efd530be5
2026-04-09T00:56:34.654Z | sell | USDC=30 | fiat=ETB | rate=158.63 | in=30.00 USDC | out=4758.85 ETB | quoteId=2d23e1e5-6d4c-4286-a04e-3180db52d180
2026-04-09T00:56:26.847Z | buy | USDC=30 | fiat=GEL | rate=3.00 | in=90.05 GEL | out=30.00 USDC | quoteId=5ce35928-4825-46e4-914d-4642facb0914
2026-04-09T00:56:34.654Z | sell | USDC=30 | fiat=EUR | rate=0.87 | in=30.00 USDC | out=26.07 EUR | quoteId=de94b3c0-78ae-4007-ba52-39c36069a0e6
2026-04-09T00:56:26.847Z | buy | USDC=30 | fiat=GGP | rate=0.83 | in=24.91 GGP | out=30.00 USDC | quoteId=0d7855c5-d1d7-4002-81a4-8a3c0e0d7f6e
2026-04-09T00:56:34.654Z | sell | USDC=30 | fiat=FJD | rate=2.25 | in=30.00 USDC | out=67.46 FJD | quoteId=ea702cfe-7daa-45c2-864d-e1cf231f2764
2026-04-09T00:56:26.847Z | buy | USDC=30 | fiat=GHS | rate=12.34 | in=370.23 GHS | out=30.00 USDC | quoteId=539783f6-b2a2-406a-b3f0-bc8afa0623e1
2026-04-09T00:56:34.654Z | sell | USDC=30 | fiat=FKP | rate=0.76 | in=30.00 USDC | out=22.69 FKP | quoteId=e3aac421-8796-4efe-b087-599468e1239f
2026-04-09T00:56:26.847Z | buy | USDC=30 | fiat=GIP | rate=0.83 | in=24.91 GIP | out=30.00 USDC | quoteId=dfffe137-dca1-483d-bf02-501ffa90a523
2026-04-09T00:56:34.654Z | sell | USDC=30 | fiat=FOK | rate=6.48 | in=30.00 USDC | out=194.46 FOK | quoteId=30a4ce8f-5ba3-4119-9f74-8651a8825439
2026-04-09T00:56:26.847Z | buy | USDC=30 | fiat=GMD | rate=82.80 | in=2484.04 GMD | out=30.00 USDC | quoteId=fcddf5de-aa05-4c97-9598-41792c68890a
2026-04-09T00:56:26.847Z | buy | USDC=30 | fiat=GNF | rate=9789.01 | in=293670.35 GNF | out=30.00 USDC | quoteId=92127c20-6045-44ef-9345-d79247d5476e
2026-04-09T00:56:34.654Z | sell | USDC=30 | fiat=GBP | rate=0.76 | in=30.00 USDC | out=22.69 GBP | quoteId=5b0b44eb-34f5-4209-bd54-838fcd59ec83
2026-04-09T00:56:26.847Z | buy | USDC=30 | fiat=GTQ | rate=8.52 | in=255.72 GTQ | out=30.00 USDC | quoteId=d5b46216-091e-4aae-bcd4-e66886929072
2026-04-09T00:56:34.654Z | sell | USDC=30 | fiat=GEL | rate=2.73 | in=30.00 USDC | out=82.02 GEL | quoteId=59a45716-f7c0-418d-ad92-9f79e618c161
2026-04-09T00:56:26.847Z | buy | USDC=30 | fiat=GYD | rate=233.61 | in=7008.17 GYD | out=30.00 USDC | quoteId=46c2f8fe-51e2-4e4b-83b2-11d6e53dbc99
2026-04-09T00:56:26.847Z | buy | USDC=30 | fiat=HKD | rate=8.73 | in=261.75 HKD | out=30.00 USDC | quoteId=8c4e4df5-cd5c-4595-bb6d-f3e9640de065
2026-04-09T00:56:34.654Z | sell | USDC=30 | fiat=GGP | rate=0.76 | in=30.00 USDC | out=22.69 GGP | quoteId=1ffe28e0-2e18-417a-bbf8-edfa17939a71
2026-04-09T00:56:26.847Z | buy | USDC=30 | fiat=HNL | rate=29.59 | in=887.66 HNL | out=30.00 USDC | quoteId=742dc0ed-f362-4bae-b10e-c9f9034694ea
2026-04-09T00:56:34.654Z | sell | USDC=30 | fiat=GHS | rate=11.24 | in=30.00 USDC | out=337.25 GHS | quoteId=93b8fc9c-4935-48cd-8535-57c761feb59d
2026-04-09T00:56:26.847Z | buy | USDC=30 | fiat=HRK | rate=7.19 | in=215.63 HRK | out=30.00 USDC | quoteId=3d7a2897-e2e4-4ff9-8154-d42275a853f0
2026-04-09T00:56:34.654Z | sell | USDC=30 | fiat=GIP | rate=0.76 | in=30.00 USDC | out=22.69 GIP | quoteId=399b25bf-5a55-463e-affd-ff473d9800d4
2026-04-09T00:56:26.847Z | buy | USDC=30 | fiat=HTG | rate=146.22 | in=4386.50 HTG | out=30.00 USDC | quoteId=2432dc20-25f7-438e-a13f-7dcaf8fc0067
2026-04-09T00:56:34.654Z | sell | USDC=30 | fiat=GMD | rate=75.43 | in=30.00 USDC | out=2262.78 GMD | quoteId=0543f107-29a8-4b65-97ed-86eff2ea6d83
2026-04-09T00:56:26.847Z | buy | USDC=30 | fiat=HUF | rate=359.31 | in=10779.25 HUF | out=30.00 USDC | quoteId=9a6e7ce6-67e5-45ac-a2e3-11c7913eaa0d
2026-04-09T00:56:34.654Z | sell | USDC=30 | fiat=GNF | rate=8917.07 | in=30.00 USDC | out=267512.25 GNF | quoteId=a48d196f-b606-49cd-95d9-4bc56f910105
2026-04-09T00:56:26.847Z | buy | USDC=30 | fiat=IDR | rate=18949.39 | in=568481.73 IDR | out=30.00 USDC | quoteId=23d617a1-be68-4bf4-b270-382efc9401d5
2026-04-09T00:56:34.654Z | sell | USDC=30 | fiat=GTQ | rate=7.76 | in=30.00 USDC | out=232.94 GTQ | quoteId=96026e0f-c64d-4152-8475-6cafd370a3a7
2026-04-09T00:56:26.847Z | buy | USDC=30 | fiat=ILS | rate=3.44 | in=103.24 ILS | out=30.00 USDC | quoteId=8ee6f3ac-9db8-47b0-9a3a-917e8e114002
2026-04-09T00:56:34.654Z | sell | USDC=30 | fiat=GYD | rate=212.80 | in=30.00 USDC | out=6383.93 GYD | quoteId=4d5a054b-8300-4c74-83ee-f0cdf50e72d8
2026-04-09T00:56:26.847Z | buy | USDC=30 | fiat=IMP | rate=0.83 | in=24.91 IMP | out=30.00 USDC | quoteId=748e43ed-dec3-436a-93ad-1e6638dcd2c2
2026-04-09T00:56:34.654Z | sell | USDC=30 | fiat=HKD | rate=7.95 | in=30.00 USDC | out=238.44 HKD | quoteId=7ce4f39a-fb38-46bd-a893-7383ccb49b43
2026-04-09T00:56:34.654Z | sell | USDC=30 | fiat=HNL | rate=26.95 | in=30.00 USDC | out=808.60 HNL | quoteId=cdcead76-66e8-4df8-8935-6f4d72deeff0
2026-04-09T00:56:26.847Z | buy | USDC=30 | fiat=INR | rate=103.13 | in=3093.79 INR | out=30.00 USDC | quoteId=708cdb39-a48c-4f53-8bb2-137e5a4ac599
2026-04-09T00:56:34.654Z | sell | USDC=30 | fiat=HRK | rate=6.55 | in=30.00 USDC | out=196.42 HRK | quoteId=a6a1c046-a013-4706-9067-aed5aab53518
2026-04-09T00:56:26.847Z | buy | USDC=30 | fiat=IQD | rate=1462.63 | in=43878.75 IQD | out=30.00 USDC | quoteId=995f7b88-ed42-44dd-b001-b882db88de6f
2026-04-09T00:56:34.654Z | sell | USDC=30 | fiat=HTG | rate=133.19 | in=30.00 USDC | out=3995.78 HTG | quoteId=9e827fc4-a11c-43dd-b2f5-318bab630e24
2026-04-09T00:56:26.847Z | buy | USDC=30 | fiat=IRR | rate=1201191.12 | in=36035733.57 IRR | out=30.00 USDC | quoteId=5d30f3fe-8b49-4546-bd16-525f5c7e89ff
2026-04-09T00:56:34.654Z | sell | USDC=30 | fiat=HUF | rate=327.30 | in=30.00 USDC | out=9819.11 HUF | quoteId=66e034ff-c384-4bac-8025-f601f4b7ec23
2026-04-09T00:56:26.847Z | buy | USDC=30 | fiat=ISK | rate=137.05 | in=4111.59 ISK | out=30.00 USDC | quoteId=a420401d-0846-4051-a219-d0da30a129e4
2026-04-09T00:56:34.654Z | sell | USDC=30 | fiat=IDR | rate=17261.51 | in=30.00 USDC | out=517845.35 IDR | quoteId=71c03c84-5ed8-4dc7-b71c-497ee8d0380f
2026-04-09T00:56:26.847Z | buy | USDC=30 | fiat=JEP | rate=0.83 | in=24.91 JEP | out=30.00 USDC | quoteId=fce003f6-68ec-4279-9875-cca71e290112
2026-04-09T00:56:34.654Z | sell | USDC=30 | fiat=ILS | rate=3.13 | in=30.00 USDC | out=94.04 ILS | quoteId=ca64b084-e750-4103-8c43-c4b8fa61fb29
2026-04-09T00:56:26.847Z | buy | USDC=30 | fiat=JMD | rate=175.47 | in=5263.99 JMD | out=30.00 USDC | quoteId=b1e24b09-3f6a-473b-94e5-9cccafb1efce
2026-04-09T00:56:34.654Z | sell | USDC=30 | fiat=IMP | rate=0.76 | in=30.00 USDC | out=22.69 IMP | quoteId=ad99bfd7-a811-4686-8fd0-4a9b4ea9dc72
2026-04-09T00:56:26.847Z | buy | USDC=30 | fiat=JOD | rate=0.79 | in=23.69 JOD | out=30.00 USDC | quoteId=3ae35b0e-b914-468a-bf3e-e55d0d235dad
2026-04-09T00:56:34.654Z | sell | USDC=30 | fiat=INR | rate=93.94 | in=30.00 USDC | out=2818.21 INR | quoteId=3c4d0d0a-d211-460a-b5bc-b3bdf4ce16ed
2026-04-09T00:56:26.847Z | buy | USDC=30 | fiat=JPY | rate=176.60 | in=5297.95 JPY | out=30.00 USDC | quoteId=7624277b-c033-4802-af5f-e93d330a2b5c
2026-04-09T00:56:26.847Z | buy | USDC=30 | fiat=KES | rate=135.30 | in=4059.00 KES | out=30.00 USDC | quoteId=c4f704a2-9327-47eb-93a7-9370f86c0ac7
2026-04-09T00:56:34.654Z | sell | USDC=30 | fiat=IQD | rate=1332.34 | in=30.00 USDC | out=39970.34 IQD | quoteId=c5e38a68-2a20-4064-a045-9fb09d22bf59
2026-04-09T00:56:34.654Z | sell | USDC=30 | fiat=IRR | rate=1094197.41 | in=30.00 USDC | out=32825922.36 IRR | quoteId=a0d81a11-90c2-4a19-96a2-033e2a5dd8c1
2026-04-09T00:56:26.847Z | buy | USDC=30 | fiat=KGS | rate=97.50 | in=2925.15 KGS | out=30.00 USDC | quoteId=c0775bc2-331b-409c-923b-0dae5e170299
2026-04-09T00:56:34.654Z | sell | USDC=30 | fiat=ISK | rate=124.85 | in=30.00 USDC | out=3745.36 ISK | quoteId=07222b3b-2b9c-4db0-a4d0-7fc45ba3f5e8
2026-04-09T00:56:26.847Z | buy | USDC=30 | fiat=KHR | rate=4486.28 | in=134588.47 KHR | out=30.00 USDC | quoteId=6e6bd5e0-5d7c-4430-ad19-dc8014056a82
2026-04-09T00:56:34.654Z | sell | USDC=30 | fiat=JEP | rate=0.76 | in=30.00 USDC | out=22.69 JEP | quoteId=4357df08-4fa7-4c0a-b2d4-0b6b14a43f01
2026-04-09T00:56:26.847Z | buy | USDC=30 | fiat=KID | rate=1.58 | in=47.43 KID | out=30.00 USDC | quoteId=8497d655-8ab8-4496-86ec-aa2ed8ef7574
2026-04-09T00:56:34.654Z | sell | USDC=30 | fiat=JMD | rate=159.84 | in=30.00 USDC | out=4795.11 JMD | quoteId=174774da-e888-46e5-a74f-19a50ba9b4d6
2026-04-09T00:56:26.847Z | buy | USDC=30 | fiat=KMF | rate=469.32 | in=14079.66 KMF | out=30.00 USDC | quoteId=ec8dcd90-ffa6-441a-8210-0bd896632ce6
2026-04-09T00:56:34.654Z | sell | USDC=30 | fiat=JOD | rate=0.72 | in=30.00 USDC | out=21.58 JOD | quoteId=aeea93e0-6e2a-41d8-aaf5-b9cadcb81c8b
2026-04-09T00:56:26.847Z | buy | USDC=30 | fiat=KRW | rate=1646.52 | in=49395.51 KRW | out=30.00 USDC | quoteId=639b218a-be3d-4fed-9a06-4f14b450e219
2026-04-09T00:56:34.654Z | sell | USDC=30 | fiat=JPY | rate=160.87 | in=30.00 USDC | out=4826.04 JPY | quoteId=226f06ee-eb76-4657-a809-1251cd8ddded
2026-04-09T00:56:26.847Z | buy | USDC=30 | fiat=KWD | rate=0.34 | in=10.31 KWD | out=30.00 USDC | quoteId=5f4c0a6e-3b47-43bc-9a61-9d7172fa1e56
2026-04-09T00:56:34.654Z | sell | USDC=30 | fiat=KES | rate=125.77 | in=30.00 USDC | out=3773.25 KES | quoteId=60b8ca00-2b60-49c2-a4c7-9ac10465a37f
2026-04-09T00:56:26.847Z | buy | USDC=30 | fiat=KYD | rate=0.93 | in=27.85 KYD | out=30.00 USDC | quoteId=21be82b4-3e11-4a09-8362-8b9296fae87a
2026-04-09T00:56:34.654Z | sell | USDC=30 | fiat=KGS | rate=88.82 | in=30.00 USDC | out=2664.59 KGS | quoteId=cdf2cac1-af9e-4b26-a21f-2adb2e292b8c
2026-04-09T00:56:26.847Z | buy | USDC=30 | fiat=KZT | rate=532.18 | in=15965.36 KZT | out=30.00 USDC | quoteId=d06f675e-b3c6-488a-95fd-c944f8b53ef2
2026-04-09T00:56:34.654Z | sell | USDC=30 | fiat=KHR | rate=4086.68 | in=30.00 USDC | out=122600.27 KHR | quoteId=ca3c8a58-5852-492a-ad9c-10b14a9a04cb
2026-04-09T00:56:26.847Z | buy | USDC=30 | fiat=LAK | rate=24478.81 | in=734364.26 LAK | out=30.00 USDC | quoteId=510d7af5-f881-493c-aaaf-f6f791f1552a
2026-04-09T00:56:34.654Z | sell | USDC=30 | fiat=KID | rate=1.44 | in=30.00 USDC | out=43.20 KID | quoteId=878d9cd4-5983-4da8-b065-b6fd73cf962f
2026-04-09T00:56:26.847Z | buy | USDC=30 | fiat=LBP | rate=99701.17 | in=2991035.18 LBP | out=30.00 USDC | quoteId=a28fe122-f6bb-4c64-873b-7968b9773d4b
2026-04-09T00:56:34.654Z | sell | USDC=30 | fiat=KMF | rate=427.52 | in=30.00 USDC | out=12825.54 KMF | quoteId=952f91ad-618d-4d28-b1a9-fa2cd90bf82b
2026-04-09T00:56:26.847Z | buy | USDC=30 | fiat=LKR | rate=350.56 | in=10516.69 LKR | out=30.00 USDC | quoteId=5a8bfe7e-1e85-4905-9c00-11e50885693c
2026-04-09T00:56:34.654Z | sell | USDC=30 | fiat=KRW | rate=1499.86 | in=30.00 USDC | out=44995.70 KRW | quoteId=20c08682-bd52-4d01-9606-c5366029c7bf
2026-04-09T00:56:26.847Z | buy | USDC=30 | fiat=LRD | rate=205.35 | in=6160.49 LRD | out=30.00 USDC | quoteId=14d279f8-b5fd-47ad-9516-4314ace58dd8
2026-04-09T00:56:34.654Z | sell | USDC=30 | fiat=KWD | rate=0.31 | in=30.00 USDC | out=9.39 KWD | quoteId=912ce6b7-ca78-4fba-b07b-26b6a0fc191a
2026-04-09T00:56:26.847Z | buy | USDC=30 | fiat=LSL | rate=18.27 | in=548.00 LSL | out=30.00 USDC | quoteId=990b26f2-7a56-46fd-acd4-5252adaff8ba
2026-04-09T00:56:34.654Z | sell | USDC=30 | fiat=KYD | rate=0.85 | in=30.00 USDC | out=25.37 KYD | quoteId=2739598e-34b1-46d2-93e2-b3d9fb83f249
2026-04-09T00:56:26.847Z | buy | USDC=30 | fiat=LYD | rate=7.13 | in=214.05 LYD | out=30.00 USDC | quoteId=5e3d39e3-90c7-4884-b077-3d3214140c1b
2026-04-09T00:56:26.847Z | buy | USDC=30 | fiat=MAD | rate=10.38 | in=311.43 MAD | out=30.00 USDC | quoteId=7776a1ca-cb9c-497c-b08c-5cd935215c46
2026-04-09T00:56:34.654Z | sell | USDC=30 | fiat=KZT | rate=484.78 | in=30.00 USDC | out=14543.27 KZT | quoteId=08de080f-2b75-46ef-9ed0-64bdda20f9ad
2026-04-09T00:56:26.847Z | buy | USDC=30 | fiat=MDL | rate=19.28 | in=578.45 MDL | out=30.00 USDC | quoteId=1cfb38cd-cd66-42c1-bb23-241696251db4
2026-04-09T00:56:34.654Z | sell | USDC=30 | fiat=LAK | rate=22298.41 | in=30.00 USDC | out=668952.22 LAK | quoteId=aa2f281c-75c5-44ab-8ae5-363bd2fe3b2a
2026-04-09T00:56:26.847Z | buy | USDC=30 | fiat=MGA | rate=4638.50 | in=139154.98 MGA | out=30.00 USDC | quoteId=7eb687f3-624e-4b3c-9e50-58351422745e
2026-04-09T00:56:34.654Z | sell | USDC=30 | fiat=LBP | rate=90820.49 | in=30.00 USDC | out=2724614.67 LBP | quoteId=4b87cefe-5032-44af-9709-f6034d06127a
2026-04-09T00:56:26.847Z | buy | USDC=30 | fiat=MKD | rate=59.57 | in=1787.00 MKD | out=30.00 USDC | quoteId=bf805d46-c3bf-47c0-8c33-9849461b8975
2026-04-09T00:56:34.654Z | sell | USDC=30 | fiat=LKR | rate=319.33 | in=30.00 USDC | out=9579.94 LKR | quoteId=59981916-c913-413b-9798-67de0a1020a6
2026-04-09T00:56:26.847Z | buy | USDC=30 | fiat=MMK | rate=2340.71 | in=70221.15 MMK | out=30.00 USDC | quoteId=31004bbd-b472-4ace-9bd2-3b98f0fe1f39
2026-04-09T00:56:26.847Z | buy | USDC=30 | fiat=MNT | rate=4010.32 | in=120309.69 MNT | out=30.00 USDC | quoteId=9cc10b2b-8ab7-40db-9121-0063df8d1d90
2026-04-09T00:56:34.654Z | sell | USDC=30 | fiat=LRD | rate=187.06 | in=30.00 USDC | out=5611.76 LRD | quoteId=e6ae9112-9604-4dbd-8827-f16a290267f0
2026-04-09T00:56:26.847Z | buy | USDC=30 | fiat=MOP | rate=8.99 | in=269.59 MOP | out=30.00 USDC | quoteId=3b289b50-687c-4a7f-ad6a-e6e1ad38565d
2026-04-09T00:56:34.654Z | sell | USDC=30 | fiat=LSL | rate=16.64 | in=30.00 USDC | out=499.19 LSL | quoteId=73884a69-ed22-4bd4-acc6-64c343c7099c
2026-04-09T00:56:26.847Z | buy | USDC=30 | fiat=MRU | rate=44.72 | in=1341.51 MRU | out=30.00 USDC | quoteId=7fc09857-cc19-4ef9-8e1d-d6bdb4bf5fbb
2026-04-09T00:56:34.654Z | sell | USDC=30 | fiat=LYD | rate=6.50 | in=30.00 USDC | out=194.98 LYD | quoteId=2d0edc8e-6000-45d6-bcfc-9aa574243e4c
2026-04-09T00:56:26.847Z | buy | USDC=30 | fiat=MUR | rate=51.90 | in=1557.04 MUR | out=30.00 USDC | quoteId=f47ce303-9bcd-4b4d-b68c-2746140bd843
2026-04-09T00:56:34.654Z | sell | USDC=30 | fiat=MAD | rate=9.46 | in=30.00 USDC | out=283.69 MAD | quoteId=5de9cba2-3264-4e3c-91ea-ad887ca398f8
2026-04-09T00:56:26.847Z | buy | USDC=30 | fiat=MVR | rate=17.21 | in=516.43 MVR | out=30.00 USDC | quoteId=2ddc18ed-9992-46b3-86dd-682937faf736
2026-04-09T00:56:34.654Z | sell | USDC=30 | fiat=MDL | rate=17.56 | in=30.00 USDC | out=526.93 MDL | quoteId=38dcc702-c3bf-47c4-a623-8d816493d13d
2026-04-09T00:56:34.654Z | sell | USDC=30 | fiat=MGA | rate=4225.33 | in=30.00 USDC | out=126760.03 MGA | quoteId=edc4fbd1-7e35-438a-a79a-e21da559e325
2026-04-09T00:56:26.847Z | buy | USDC=30 | fiat=MWK | rate=1940.07 | in=58202.20 MWK | out=30.00 USDC | quoteId=3463114b-be80-472b-89ef-b40c90646660
2026-04-09T00:56:34.654Z | sell | USDC=30 | fiat=MKD | rate=54.26 | in=30.00 USDC | out=1627.83 MKD | quoteId=9b4c1ba2-6c8e-4400-b464-e9480e1d3382
2026-04-09T00:56:26.847Z | buy | USDC=30 | fiat=MXN | rate=19.42 | in=582.68 MXN | out=30.00 USDC | quoteId=af1797fc-eb5c-426c-841f-dee295cc4c2b
2026-04-09T00:56:34.654Z | sell | USDC=30 | fiat=MMK | rate=2132.21 | in=30.00 USDC | out=63966.34 MMK | quoteId=f636360f-6874-46fb-91f3-27dae7ce6452
2026-04-09T00:56:26.847Z | buy | USDC=30 | fiat=MYR | rate=4.43 | in=132.93 MYR | out=30.00 USDC | quoteId=2600423e-121b-4da2-bba8-688153294561
2026-04-09T00:56:34.654Z | sell | USDC=30 | fiat=MNT | rate=3653.11 | in=30.00 USDC | out=109593.34 MNT | quoteId=5a576ec2-7625-4971-a23d-4d72c1cc7792
2026-04-09T00:56:26.847Z | buy | USDC=30 | fiat=MZN | rate=71.05 | in=2131.62 MZN | out=30.00 USDC | quoteId=afc8c997-6e7e-44e0-99fb-3704158198a2
2026-04-09T00:56:34.654Z | sell | USDC=30 | fiat=MOP | rate=8.19 | in=30.00 USDC | out=245.58 MOP | quoteId=4132150b-4e15-4e82-8d82-8f665fcef733
2026-04-09T00:56:26.847Z | buy | USDC=30 | fiat=NAD | rate=18.27 | in=548.00 NAD | out=30.00 USDC | quoteId=20924377-4d2f-4c45-984e-052dd2495b4b
2026-04-09T00:56:34.654Z | sell | USDC=30 | fiat=MRU | rate=40.73 | in=30.00 USDC | out=1222.02 MRU | quoteId=a2fac34a-fbac-4cb0-8b29-a6f96455fd4f
2026-04-09T00:56:34.654Z | sell | USDC=30 | fiat=MUR | rate=47.28 | in=30.00 USDC | out=1418.35 MUR | quoteId=86fa2f21-284f-4f5c-a6aa-98e9677d7f91
2026-04-09T00:56:26.847Z | buy | USDC=30 | fiat=NGN | rate=1528.08 | in=45842.26 NGN | out=30.00 USDC | quoteId=fd869ec8-f388-4806-8ed9-53da6691e1f1
2026-04-09T00:56:34.654Z | sell | USDC=30 | fiat=MVR | rate=15.68 | in=30.00 USDC | out=470.43 MVR | quoteId=3c811455-2e05-423e-a226-d94e4299d191
2026-04-09T00:56:26.847Z | buy | USDC=30 | fiat=NIO | rate=40.98 | in=1229.26 NIO | out=30.00 USDC | quoteId=47cb6189-5068-43e0-a7c5-1e006ae4476f
2026-04-09T00:56:26.847Z | buy | USDC=30 | fiat=NOK | rate=10.65 | in=319.64 NOK | out=30.00 USDC | quoteId=64637176-0d84-41ef-92fd-4c9326010373
2026-04-09T00:56:26.847Z | buy | USDC=30 | fiat=NPR | rate=165.00 | in=4950.05 NPR | out=30.00 USDC | quoteId=1423e734-b55c-4c6c-bd8e-f8274c6eec02
2026-04-09T00:56:26.847Z | buy | USDC=30 | fiat=NZD | rate=1.91 | in=57.35 NZD | out=30.00 USDC | quoteId=1012d954-57f7-41db-989e-e5e4452db914
2026-04-09T00:56:26.847Z | buy | USDC=30 | fiat=OMR | rate=0.43 | in=12.85 OMR | out=30.00 USDC | quoteId=b36f6c7e-1cf1-4a5e-b346-2e6cef73e786
2026-04-09T00:56:26.847Z | buy | USDC=30 | fiat=PAB | rate=1.11 | in=33.42 PAB | out=30.00 USDC | quoteId=fe7d7d97-89d0-45a4-99bc-b5b4508df70c
2026-04-09T00:56:26.847Z | buy | USDC=30 | fiat=PEN | rate=3.80 | in=113.93 PEN | out=30.00 USDC | quoteId=3a3e62c7-7dbd-4553-8c63-bc36ffd89741
2026-04-09T00:56:34.654Z | sell | USDC=30 | fiat=MWK | rate=1767.27 | in=30.00 USDC | out=53017.95 MWK | quoteId=e5d1318b-ea57-4499-9ccd-e9f0edddb92e
2026-04-09T00:56:26.847Z | buy | USDC=30 | fiat=PGK | rate=4.87 | in=146.10 PGK | out=30.00 USDC | quoteId=5e89dd8d-8750-4fbe-8ca9-45fcbb6ee7bd
2026-04-09T00:56:34.654Z | sell | USDC=30 | fiat=MXN | rate=17.69 | in=30.00 USDC | out=530.78 MXN | quoteId=112b3261-3c22-4f5c-bccd-414ddaa3cdfe
2026-04-09T00:56:26.847Z | buy | USDC=30 | fiat=PHP | rate=66.31 | in=1989.45 PHP | out=30.00 USDC | quoteId=dc62f0cb-3829-4fed-a53e-5b8cf44d59b6
2026-04-09T00:56:34.654Z | sell | USDC=30 | fiat=MYR | rate=4.04 | in=30.00 USDC | out=121.09 MYR | quoteId=e8875f28-daa4-4adb-9022-8639802ecf1d
2026-04-09T00:56:26.847Z | buy | USDC=30 | fiat=PKR | rate=310.56 | in=9316.85 PKR | out=30.00 USDC | quoteId=0cba9080-9949-4a61-8297-61fd7c2225a3
2026-04-09T00:56:34.654Z | sell | USDC=30 | fiat=MZN | rate=64.73 | in=30.00 USDC | out=1941.75 MZN | quoteId=4afdcb67-9686-472a-b985-582dd14e7c78
2026-04-09T00:56:26.847Z | buy | USDC=30 | fiat=PLN | rate=4.06 | in=121.79 PLN | out=30.00 USDC | quoteId=1d18143b-1f53-419f-b863-cb574ab820cb
2026-04-09T00:56:34.654Z | sell | USDC=30 | fiat=NAD | rate=16.64 | in=30.00 USDC | out=499.19 NAD | quoteId=f60fc1e0-6e2d-42f5-8aee-7ea44743ae3f
2026-04-09T00:56:26.847Z | buy | USDC=30 | fiat=PYG | rate=7226.42 | in=216792.55 PYG | out=30.00 USDC | quoteId=3ef1b4bb-469b-4538-967c-3cce1c2280c4
2026-04-09T00:56:26.847Z | buy | USDC=30 | fiat=QAR | rate=4.05 | in=121.65 QAR | out=30.00 USDC | quoteId=8a1c4287-7243-4b4d-98d6-3ee082be3cf6
2026-04-09T00:56:26.847Z | buy | USDC=30 | fiat=RON | rate=4.86 | in=145.70 RON | out=30.00 USDC | quoteId=43b31981-afc5-4ce3-b24a-0b3a79ba0179
2026-04-09T00:56:26.847Z | buy | USDC=30 | fiat=RSD | rate=111.87 | in=3356.05 RSD | out=30.00 USDC | quoteId=ce4700a8-978f-481d-b4c7-deb992609f36
2026-04-09T00:56:34.654Z | sell | USDC=30 | fiat=NGN | rate=1391.97 | in=30.00 USDC | out=41758.95 NGN | quoteId=6277a919-2a54-4092-8e79-f6643772bfd3
2026-04-09T00:56:34.654Z | sell | USDC=30 | fiat=NIO | rate=37.33 | in=30.00 USDC | out=1119.76 NIO | quoteId=7bd9e39d-23c6-41c0-b950-ad995e0c465c
2026-04-09T00:56:26.847Z | buy | USDC=30 | fiat=RUB | rate=87.48 | in=2624.50 RUB | out=30.00 USDC | quoteId=42b333af-f8af-4b94-9570-6e960e9a3fcb
2026-04-09T00:56:34.654Z | sell | USDC=30 | fiat=NOK | rate=9.71 | in=30.00 USDC | out=291.17 NOK | quoteId=9be951e7-ad7f-486d-9a2d-721e5df37fa1
2026-04-09T00:56:26.847Z | buy | USDC=30 | fiat=RWF | rate=1590.80 | in=47724.00 RWF | out=30.00 USDC | quoteId=ee58b069-f9ea-49a9-a3b3-7b92e87c67e8
2026-04-09T00:56:34.654Z | sell | USDC=30 | fiat=NPR | rate=150.30 | in=30.00 USDC | out=4509.13 NPR | quoteId=ac3aaf32-293b-44e7-b667-2746bf10b427
2026-04-09T00:56:26.847Z | buy | USDC=30 | fiat=SAR | rate=4.18 | in=125.32 SAR | out=30.00 USDC | quoteId=6a85612b-9dd3-4337-b8e3-0151bd821631
2026-04-09T00:56:34.654Z | sell | USDC=30 | fiat=NZD | rate=1.74 | in=30.00 USDC | out=52.25 NZD | quoteId=07f88bc9-68e7-4151-acb1-f48aaa822dd0
2026-04-09T00:56:26.847Z | buy | USDC=30 | fiat=SBD | rate=8.93 | in=268.03 SBD | out=30.00 USDC | quoteId=cdf6e3ea-e2d0-49be-84fa-f1cfc78f6422
2026-04-09T00:56:34.654Z | sell | USDC=30 | fiat=OMR | rate=0.39 | in=30.00 USDC | out=11.71 OMR | quoteId=10ab5852-7250-49af-b14c-daa0adf3ff74
2026-04-09T00:56:26.847Z | buy | USDC=30 | fiat=SCR | rate=16.10 | in=482.91 SCR | out=30.00 USDC | quoteId=85e10967-53bc-4407-aff6-61ecace2f81f
2026-04-09T00:56:34.654Z | sell | USDC=30 | fiat=PAB | rate=1.01 | in=30.00 USDC | out=30.44 PAB | quoteId=b33f58f7-b0a5-43d3-8605-eb94e16752b5
2026-04-09T00:56:26.847Z | buy | USDC=30 | fiat=SDG | rate=607.22 | in=18216.72 SDG | out=30.00 USDC | quoteId=b7cdeba8-d553-49ef-a4bf-21ed6e0b4cb8
2026-04-09T00:56:34.654Z | sell | USDC=30 | fiat=PEN | rate=3.46 | in=30.00 USDC | out=103.78 PEN | quoteId=4d4a094d-38d8-44d1-8ec2-522ce9758af7
2026-04-09T00:56:26.847Z | buy | USDC=30 | fiat=SEK | rate=10.36 | in=310.91 SEK | out=30.00 USDC | quoteId=4910a75a-54d4-4c3b-bb22-6336e7c244f8
2026-04-09T00:56:34.654Z | sell | USDC=30 | fiat=PGK | rate=4.44 | in=30.00 USDC | out=133.08 PGK | quoteId=ebc8bbb9-eb77-4789-8356-e2ecc1fd497b
2026-04-09T00:56:26.847Z | buy | USDC=30 | fiat=SGD | rate=1.42 | in=42.58 SGD | out=30.00 USDC | quoteId=9a15b322-7b7a-4c3f-b625-7044a61e9704
2026-04-09T00:56:34.654Z | sell | USDC=30 | fiat=PHP | rate=60.41 | in=30.00 USDC | out=1812.24 PHP | quoteId=cb8ca439-ff81-4b23-b728-2f97e67c14ab
2026-04-09T00:56:26.847Z | buy | USDC=30 | fiat=SHP | rate=0.83 | in=24.91 SHP | out=30.00 USDC | quoteId=561e9ba4-331b-4dc5-b44e-4d56afb54e63
2026-04-09T00:56:34.654Z | sell | USDC=30 | fiat=PKR | rate=282.90 | in=30.00 USDC | out=8486.97 PKR | quoteId=63cb5cd6-4672-4bb5-8cce-618500711577
2026-04-09T00:56:26.847Z | buy | USDC=30 | fiat=SLE | rate=27.53 | in=825.95 SLE | out=30.00 USDC | quoteId=32e75445-fec2-4455-b758-58de1966c673
2026-04-09T00:56:34.654Z | sell | USDC=30 | fiat=PLN | rate=3.70 | in=30.00 USDC | out=110.94 PLN | quoteId=99bc8ce8-ff5f-4e84-8c02-b34b21c9e4cf
2026-04-09T00:56:26.847Z | buy | USDC=30 | fiat=SLL | rate=27531.78 | in=825953.26 SLL | out=30.00 USDC | quoteId=9f76db81-1b2b-4134-b9ae-74fa94299fd4
2026-04-09T00:56:34.654Z | sell | USDC=30 | fiat=PYG | rate=6582.74 | in=30.00 USDC | out=197482.19 PYG | quoteId=1e5434e1-66a9-4efb-9086-b893907f36da
2026-04-09T00:56:26.847Z | buy | USDC=30 | fiat=SOS | rate=638.25 | in=19147.36 SOS | out=30.00 USDC | quoteId=5f46de91-b22e-4895-bf74-9732bfcbcc6e
2026-04-09T00:56:34.654Z | sell | USDC=30 | fiat=QAR | rate=3.69 | in=30.00 USDC | out=110.81 QAR | quoteId=ad889a67-9699-4808-80be-ee8f132738c2
2026-04-09T00:56:26.847Z | buy | USDC=30 | fiat=SRD | rate=41.94 | in=1258.34 SRD | out=30.00 USDC | quoteId=01834660-fe79-427b-a632-68d9ec9c66dd
2026-04-09T00:56:34.654Z | sell | USDC=30 | fiat=RON | rate=4.42 | in=30.00 USDC | out=132.72 RON | quoteId=757ed2e8-c9c2-45e1-9581-78486e3d1357
2026-04-09T00:56:26.847Z | buy | USDC=30 | fiat=SSP | rate=5109.84 | in=153295.12 SSP | out=30.00 USDC | quoteId=d033a291-bc0a-4680-a5c2-05155d30b60c
2026-04-09T00:56:34.654Z | sell | USDC=30 | fiat=RSD | rate=101.90 | in=30.00 USDC | out=3057.12 RSD | quoteId=59a6443c-49b9-408c-92ff-8e6f310d4ab1
2026-04-09T00:56:26.847Z | buy | USDC=30 | fiat=STN | rate=23.37 | in=701.17 STN | out=30.00 USDC | quoteId=8f8af40c-4f5f-4aad-a37d-a841d4f8916b
2026-04-09T00:56:34.654Z | sell | USDC=30 | fiat=RUB | rate=79.69 | in=30.00 USDC | out=2390.73 RUB | quoteId=cf487ace-ca6e-419d-8b32-8370b42371d2
2026-04-09T00:56:26.847Z | buy | USDC=30 | fiat=SYP | rate=126.53 | in=3795.95 SYP | out=30.00 USDC | quoteId=a1d74337-72b6-4250-91c1-1d95bfadf66b
2026-04-09T00:56:26.847Z | buy | USDC=30 | fiat=SZL | rate=18.27 | in=548.00 SZL | out=30.00 USDC | quoteId=705700d7-b57a-4d22-8559-eac5736b5d96
2026-04-09T00:56:34.654Z | sell | USDC=30 | fiat=RWF | rate=1443.97 | in=30.00 USDC | out=43319.25 RWF | quoteId=1d5a4d49-5dd9-4bb7-a701-3806515b3a36
2026-04-09T00:56:34.654Z | sell | USDC=30 | fiat=SAR | rate=3.81 | in=30.00 USDC | out=114.16 SAR | quoteId=0ea5eca3-75a9-4069-a9e2-edda5a584475
2026-04-09T00:56:26.847Z | buy | USDC=30 | fiat=THB | rate=35.67 | in=1070.03 THB | out=30.00 USDC | quoteId=6d95b906-2b9c-44a5-b535-f68244c68142
2026-04-09T00:56:34.654Z | sell | USDC=30 | fiat=SBD | rate=8.14 | in=30.00 USDC | out=244.15 SBD | quoteId=dd0a8138-307b-4fc2-86d2-10ac4f0f616e
2026-04-09T00:56:26.847Z | buy | USDC=30 | fiat=TJS | rate=10.63 | in=318.94 TJS | out=30.00 USDC | quoteId=4a8602ce-911e-4de3-8c34-3c382625cd49
2026-04-09T00:56:34.654Z | sell | USDC=30 | fiat=SCR | rate=14.66 | in=30.00 USDC | out=439.89 SCR | quoteId=76749771-ecc5-4f5a-bd05-3774788f74ae
2026-04-09T00:56:26.847Z | buy | USDC=30 | fiat=TMT | rate=3.91 | in=117.18 TMT | out=30.00 USDC | quoteId=8f419ae8-f17c-4ebf-bc52-6853c9e54aee
2026-04-09T00:56:26.847Z | buy | USDC=30 | fiat=TND | rate=3.24 | in=97.12 TND | out=30.00 USDC | quoteId=9196022b-86a1-4f05-a3f2-a6ec26a00946
2026-04-09T00:56:34.654Z | sell | USDC=30 | fiat=SDG | rate=553.14 | in=30.00 USDC | out=16594.11 SDG | quoteId=7347904b-12e6-4d87-9c9b-be5972e717dc
2026-04-09T00:56:34.654Z | sell | USDC=30 | fiat=SEK | rate=9.44 | in=30.00 USDC | out=283.22 SEK | quoteId=f1617311-32a6-49d0-899f-c01fa7551197
2026-04-09T00:56:26.847Z | buy | USDC=30 | fiat=TOP | rate=2.66 | in=79.83 TOP | out=30.00 USDC | quoteId=6bb87988-24dd-4acf-a9f1-8b966aaba99c
2026-04-09T00:56:34.654Z | sell | USDC=30 | fiat=SGD | rate=1.29 | in=30.00 USDC | out=38.79 SGD | quoteId=89f85b65-5a02-4eec-9f3d-1d4d0cbf7afa
2026-04-09T00:56:26.847Z | buy | USDC=30 | fiat=TRY | rate=49.57 | in=1487.17 TRY | out=30.00 USDC | quoteId=c6788121-c1a4-4dba-9fd6-a1b7a6350cc0
2026-04-09T00:56:26.847Z | buy | USDC=30 | fiat=TTD | rate=7.53 | in=226.04 TTD | out=30.00 USDC | quoteId=98a2e5ed-a79f-4a04-ba76-198633c7393f
2026-04-09T00:56:34.654Z | sell | USDC=30 | fiat=SHP | rate=0.76 | in=30.00 USDC | out=22.69 SHP | quoteId=90078639-f8dd-45d3-968c-8a86e0d6cb10
2026-04-09T00:56:34.654Z | sell | USDC=30 | fiat=SLE | rate=25.08 | in=30.00 USDC | out=752.38 SLE | quoteId=63c24a6a-07bc-4996-b48e-7a62a3abf5e6
2026-04-09T00:56:26.847Z | buy | USDC=30 | fiat=TVD | rate=1.58 | in=47.43 TVD | out=30.00 USDC | quoteId=01d0213d-89b5-4edf-902c-87af3cbecf47
2026-04-09T00:56:26.847Z | buy | USDC=30 | fiat=TWD | rate=35.37 | in=1061.24 TWD | out=30.00 USDC | quoteId=b66cda3f-415f-4c43-b12c-5bbd306ff877
2026-04-09T00:56:34.654Z | sell | USDC=30 | fiat=SLL | rate=25079.44 | in=30.00 USDC | out=752383.12 SLL | quoteId=5837447d-9241-4ff5-bae1-257c4d96ba2b
2026-04-09T00:56:34.654Z | sell | USDC=30 | fiat=SOS | rate=581.40 | in=30.00 USDC | out=17441.85 SOS | quoteId=3f155afe-02d7-43e4-b34d-c2cc1e164202
2026-04-09T00:56:26.847Z | buy | USDC=30 | fiat=TZS | rate=2784.92 | in=83547.75 TZS | out=30.00 USDC | quoteId=7220756b-5238-4e38-b050-a765807d8189
2026-04-09T00:56:34.654Z | sell | USDC=30 | fiat=SRD | rate=38.21 | in=30.00 USDC | out=1146.26 SRD | quoteId=0e744ca8-ba4c-4ca7-9edb-3aaf8618cd22
2026-04-09T00:56:26.847Z | buy | USDC=30 | fiat=UAH | rate=48.33 | in=1450.01 UAH | out=30.00 USDC | quoteId=a7984131-0c82-411d-8a51-81b5295417bf
2026-04-09T00:56:34.654Z | sell | USDC=30 | fiat=SSP | rate=4654.69 | in=30.00 USDC | out=139640.66 SSP | quoteId=36b6c8a5-007d-480e-ac4a-136bb29ad9bd
2026-04-09T00:56:26.847Z | buy | USDC=30 | fiat=UGX | rate=4063.10 | in=121893.00 UGX | out=30.00 USDC | quoteId=c212777c-e72b-4ee3-bc5d-6ce5962679ff
2026-04-09T00:56:34.654Z | sell | USDC=30 | fiat=STN | rate=21.29 | in=30.00 USDC | out=638.71 STN | quoteId=5bd75a01-db2f-42b1-9ad6-ac437fadaa49
2026-04-09T00:56:26.847Z | buy | USDC=30 | fiat=USD | rate=1.11 | in=33.42 USD | out=30.00 USDC | quoteId=6f6ab472-23d0-494f-8ece-59a2efbea037
2026-04-09T00:56:34.654Z | sell | USDC=30 | fiat=SYP | rate=115.26 | in=30.00 USDC | out=3457.83 SYP | quoteId=d9358f61-55a4-4307-b0ff-71f9b167c5e0
2026-04-09T00:56:26.847Z | buy | USDC=30 | fiat=UYU | rate=45.14 | in=1354.06 UYU | out=30.00 USDC | quoteId=d6e6dd0d-516e-4aac-912b-b0b53eee6e37
2026-04-09T00:56:34.654Z | sell | USDC=30 | fiat=SZL | rate=16.64 | in=30.00 USDC | out=499.19 SZL | quoteId=13581a0f-00aa-4e40-830d-f59821056cf2
2026-04-09T00:56:26.847Z | buy | USDC=30 | fiat=UZS | rate=13630.14 | in=408904.16 UZS | out=30.00 USDC | quoteId=49798709-3586-4952-ab9e-075f7e960c12
2026-04-09T00:56:26.847Z | buy | USDC=30 | fiat=VES | rate=530.21 | in=15906.23 VES | out=30.00 USDC | quoteId=7b6f2359-9694-4e4e-b49d-5662b9e59811
2026-04-09T00:56:34.654Z | sell | USDC=30 | fiat=THB | rate=32.49 | in=30.00 USDC | out=974.72 THB | quoteId=d5c7e30e-fa09-4f85-99d5-0535d1f7d6dd
2026-04-09T00:56:26.847Z | buy | USDC=30 | fiat=VND | rate=29256.73 | in=877702.02 VND | out=30.00 USDC | quoteId=b439a0c8-b038-4cdc-8f8c-c64cddf00ea9
2026-04-09T00:56:34.654Z | sell | USDC=30 | fiat=TJS | rate=9.68 | in=30.00 USDC | out=290.53 TJS | quoteId=e1a8199e-30f5-491f-aba1-8a2cb2dcba27
2026-04-09T00:56:26.847Z | buy | USDC=30 | fiat=VUV | rate=133.84 | in=4015.27 VUV | out=30.00 USDC | quoteId=a6e01668-32fb-48c9-bc28-2ea99a9a87b9
2026-04-09T00:56:34.654Z | sell | USDC=30 | fiat=TMT | rate=3.56 | in=30.00 USDC | out=106.74 TMT | quoteId=f7dcea1f-c471-4599-b864-79a8f26f3cba
2026-04-09T00:56:26.847Z | buy | USDC=30 | fiat=WST | rate=3.06 | in=91.66 WST | out=30.00 USDC | quoteId=4ea39135-d067-41ff-8b22-8f79cff520df
2026-04-09T00:56:34.654Z | sell | USDC=30 | fiat=TND | rate=2.95 | in=30.00 USDC | out=88.47 TND | quoteId=563f2f91-83ab-470d-84b0-c14583fbda57
2026-04-09T00:56:34.654Z | sell | USDC=30 | fiat=TOP | rate=2.42 | in=30.00 USDC | out=72.72 TOP | quoteId=dffd9746-8c6a-4a8b-a8e0-695e6d26ec08
2026-04-09T00:56:26.847Z | buy | USDC=30 | fiat=XAF | rate=618.07 | in=18542.25 XAF | out=30.00 USDC | quoteId=b06d482a-fd24-436d-b9b9-3a362631535d
2026-04-09T00:56:34.654Z | sell | USDC=30 | fiat=TRY | rate=45.16 | in=30.00 USDC | out=1354.70 TRY | quoteId=90e6e6e3-720b-46fc-9ce9-67023a84e237
2026-04-09T00:56:26.847Z | buy | USDC=30 | fiat=XCD | rate=3.01 | in=90.23 XCD | out=30.00 USDC | quoteId=1ac8a5e9-e15d-405b-a0b4-8872efc5a199
2026-04-09T00:56:34.654Z | sell | USDC=30 | fiat=TTD | rate=6.86 | in=30.00 USDC | out=205.91 TTD | quoteId=8b3a4f53-cdbb-4353-9fe1-775d1a8cd2bd
2026-04-09T00:56:26.847Z | buy | USDC=30 | fiat=XCG | rate=1.99 | in=59.82 XCG | out=30.00 USDC | quoteId=b8974505-db8e-45f1-b236-3387521389c1
2026-04-09T00:56:34.654Z | sell | USDC=30 | fiat=TVD | rate=1.44 | in=30.00 USDC | out=43.20 TVD | quoteId=e1ced7a8-b5ec-472f-8a05-d33bae3803fa
2026-04-09T00:56:26.847Z | buy | USDC=30 | fiat=XDR | rate=0.81 | in=24.39 XDR | out=30.00 USDC | quoteId=dffde48a-2d31-4b00-ab74-ca380b627017
2026-04-09T00:56:34.654Z | sell | USDC=30 | fiat=TWD | rate=32.22 | in=30.00 USDC | out=966.71 TWD | quoteId=8f1d7e9d-7ddc-4acf-bbf2-a541c9ba2a43
2026-04-09T00:56:26.847Z | buy | USDC=30 | fiat=XOF | rate=603.72 | in=18111.75 XOF | out=30.00 USDC | quoteId=933b6bd3-5a58-428a-afde-3e9f2a9dbb41
2026-04-09T00:56:34.654Z | sell | USDC=30 | fiat=TZS | rate=2506.72 | in=30.00 USDC | out=75201.75 TZS | quoteId=dc24de12-6c68-49e8-ba5f-efb7d801230f
2026-04-09T00:56:26.847Z | buy | USDC=30 | fiat=XPF | rate=113.84 | in=3415.17 XPF | out=30.00 USDC | quoteId=4d20271f-d352-43d0-8249-90dcf6163b5d
2026-04-09T00:56:26.847Z | buy | USDC=30 | fiat=YER | rate=265.90 | in=7977.12 YER | out=30.00 USDC | quoteId=cfa8db11-be3f-48cc-a254-ace5902ad93b
2026-04-09T00:56:34.654Z | sell | USDC=30 | fiat=UAH | rate=44.03 | in=30.00 USDC | out=1320.86 UAH | quoteId=14b2d70d-8944-4b46-a73e-fa3b540c0373
2026-04-09T00:56:26.847Z | buy | USDC=30 | fiat=ZAR | rate=18.27 | in=548.05 ZAR | out=30.00 USDC | quoteId=adbf58bf-cee7-4576-a7fd-8ae8a22b2090
2026-04-09T00:56:26.847Z | buy | USDC=30 | fiat=ZMW | rate=20.56 | in=616.84 ZMW | out=30.00 USDC | quoteId=bbb2d23b-949b-4ef8-93ea-97b4de3bfc0d
2026-04-09T00:56:26.847Z | buy | USDC=30 | fiat=ZWG | rate=28.11 | in=843.42 ZWG | out=30.00 USDC | quoteId=d97dc739-304b-40e3-8ee2-74f5b2527565
2026-04-09T00:56:34.654Z | sell | USDC=30 | fiat=UGX | rate=3772.09 | in=30.00 USDC | out=113162.57 UGX | quoteId=9f9b6df4-6dcf-47f4-b8a1-18bf96d188e7
2026-04-09T00:56:26.847Z | buy | USDC=30 | fiat=ZWL | rate=28.11 | in=843.42 ZWL | out=30.00 USDC | quoteId=8f454e67-4398-4f97-acef-7317cbc9f6e8
2026-04-09T00:56:34.654Z | sell | USDC=30 | fiat=USD | rate=1.01 | in=30.00 USDC | out=30.44 USD | quoteId=c40ad4e3-b630-4540-bd54-25d598cb939b
2026-04-09T00:56:34.654Z | sell | USDC=30 | fiat=UYU | rate=41.11 | in=30.00 USDC | out=1233.45 UYU | quoteId=e653db06-bb49-49a4-a8a4-dc2912c4d3d6
2026-04-09T00:56:34.654Z | sell | USDC=30 | fiat=UZS | rate=12416.06 | in=30.00 USDC | out=372481.84 UZS | quoteId=9de0faa0-3ec0-4033-9e16-08e3bb5d79fd
2026-04-09T00:56:34.654Z | sell | USDC=30 | fiat=VES | rate=482.98 | in=30.00 USDC | out=14489.42 VES | quoteId=70820ae6-cadc-4810-930a-4a7b890ce916
2026-04-09T00:56:34.654Z | sell | USDC=30 | fiat=VND | rate=26650.75 | in=30.00 USDC | out=799522.46 VND | quoteId=cdff4bb3-1a57-413a-96a7-1cb4ca003093
2026-04-09T00:56:34.654Z | sell | USDC=30 | fiat=VUV | rate=121.92 | in=30.00 USDC | out=3657.62 VUV | quoteId=1d95f20b-2358-4df8-993b-0fe8be8fd2d4
2026-04-09T00:56:34.654Z | sell | USDC=30 | fiat=WST | rate=2.78 | in=30.00 USDC | out=83.49 WST | quoteId=66e03564-4d2e-4213-8dff-8699c235d29c
2026-04-09T00:56:34.654Z | sell | USDC=30 | fiat=XAF | rate=573.30 | in=30.00 USDC | out=17199.00 XAF | quoteId=5e846057-7dda-4792-8799-ada40545fbf8
2026-04-09T00:56:34.654Z | sell | USDC=30 | fiat=XCD | rate=2.74 | in=30.00 USDC | out=82.20 XCD | quoteId=6984ca05-eae8-4f6f-a172-b4280d9540b7
2026-04-09T00:56:34.654Z | sell | USDC=30 | fiat=XCG | rate=1.82 | in=30.00 USDC | out=54.49 XCG | quoteId=abedc11b-9cbf-4b74-b8c2-530ba63a77e1
2026-04-09T00:56:34.654Z | sell | USDC=30 | fiat=XDR | rate=0.74 | in=30.00 USDC | out=22.21 XDR | quoteId=0f449fce-4b42-4094-accf-656059b7662c
2026-04-09T00:56:34.654Z | sell | USDC=30 | fiat=XOF | rate=534.30 | in=30.00 USDC | out=16029.00 XOF | quoteId=5451d94c-3a42-4f2b-bd4d-953d12c192d3
2026-04-09T00:56:34.654Z | sell | USDC=30 | fiat=XPF | rate=103.70 | in=30.00 USDC | out=3110.97 XPF | quoteId=c186f97a-d96e-48dc-b1b3-bd22dff8be54
2026-04-09T00:56:34.654Z | sell | USDC=30 | fiat=YER | rate=242.22 | in=30.00 USDC | out=7266.58 YER | quoteId=b6dbbcc0-87b3-431d-b4d4-69120c5b2315
2026-04-09T00:56:34.654Z | sell | USDC=30 | fiat=ZAR | rate=16.64 | in=30.00 USDC | out=499.23 ZAR | quoteId=061149cc-0dca-4061-abc7-edf9ef3506ec
2026-04-09T00:56:34.654Z | sell | USDC=30 | fiat=ZMW | rate=19.00 | in=30.00 USDC | out=570.08 ZMW | quoteId=096c7417-44d5-4fc6-8199-a4c76189f5c4
2026-04-09T00:56:34.654Z | sell | USDC=30 | fiat=ZWG | rate=25.61 | in=30.00 USDC | out=768.29 ZWG | quoteId=dde1a584-1a89-4e30-9c8b-25aebd90dc82
2026-04-09T00:56:34.654Z | sell | USDC=30 | fiat=ZWL | rate=25.61 | in=30.00 USDC | out=768.29 ZWL | quoteId=27e23757-d601-4e98-9ed3-56e596a08cd7
2026-04-09T07:54:46.585Z | buy | USDC=30 | fiat=AED | rate=4.09 | in=122.63 AED | out=30.00 USDC | quoteId=c192bd17-02a9-4f17-a6f1-8a15be0ebe5f
2026-04-09T07:54:46.585Z | buy | USDC=30 | fiat=AFN | rate=72.31 | in=2169.17 AFN | out=30.00 USDC | quoteId=016622d1-e1f2-4ecc-843c-6583d6eed8b1
2026-04-09T07:54:49.038Z | sell | USDC=30 | fiat=AED | rate=3.72 | in=30.00 USDC | out=111.70 AED | quoteId=6953c628-7834-4205-80c4-8065468a799b
2026-04-09T07:54:46.585Z | buy | USDC=30 | fiat=ALL | rate=91.55 | in=2746.48 ALL | out=30.00 USDC | quoteId=d544cc85-66c4-46c6-a7c8-eedd98d2ba69
2026-04-09T07:54:49.038Z | sell | USDC=30 | fiat=AFN | rate=65.86 | in=30.00 USDC | out=1975.89 AFN | quoteId=a49ce04b-0a74-4da8-966c-1ddd1d2fbbe5
2026-04-09T07:54:46.585Z | buy | USDC=30 | fiat=AMD | rate=419.60 | in=12588.09 AMD | out=30.00 USDC | quoteId=7bf7acad-2480-481c-a622-1e64dce210c9
2026-04-09T07:54:49.038Z | sell | USDC=30 | fiat=ALL | rate=83.39 | in=30.00 USDC | out=2501.75 ALL | quoteId=fe1bea16-bb63-41d2-983d-6693e5ab55ac
2026-04-09T07:54:46.585Z | buy | USDC=30 | fiat=ANG | rate=1.99 | in=59.77 ANG | out=30.00 USDC | quoteId=a01ef966-8224-4676-807d-e62550ddb598
2026-04-09T07:54:49.038Z | sell | USDC=30 | fiat=AMD | rate=382.21 | in=30.00 USDC | out=11466.41 AMD | quoteId=92ea4c2b-2abc-42ee-99f7-2549d03f8881
2026-04-09T07:54:46.585Z | buy | USDC=30 | fiat=AOA | rate=1026.98 | in=30809.41 AOA | out=30.00 USDC | quoteId=32cf9414-080d-40f6-ac4a-06f032c2d73e
2026-04-09T07:54:49.038Z | sell | USDC=30 | fiat=ANG | rate=1.81 | in=30.00 USDC | out=54.45 ANG | quoteId=0ed0b4f9-96a4-4c9e-8d59-bea4f2d16204
2026-04-09T07:54:46.585Z | buy | USDC=30 | fiat=ARS | rate=1543.84 | in=46315.22 ARS | out=30.00 USDC | quoteId=c6206198-9505-4570-8742-318f8a7bb9d0
2026-04-09T07:54:49.038Z | sell | USDC=30 | fiat=AOA | rate=935.47 | in=30.00 USDC | out=28064.09 AOA | quoteId=b6d05175-0b85-49d7-9d33-a2e42d46f3cf
2026-04-09T07:54:46.585Z | buy | USDC=30 | fiat=AUD | rate=1.58 | in=47.40 AUD | out=30.00 USDC | quoteId=005d5cc5-2269-40bb-b33a-314069abbe17
2026-04-09T07:54:49.038Z | sell | USDC=30 | fiat=ARS | rate=1406.27 | in=30.00 USDC | out=42188.23 ARS | quoteId=56bc6409-b078-4a4c-b192-fd56cfddc2b7
2026-04-09T07:54:46.585Z | buy | USDC=30 | fiat=AWG | rate=1.99 | in=59.77 AWG | out=30.00 USDC | quoteId=941dc29e-78af-49d8-b3bb-6b60ae8464c9
2026-04-09T07:54:49.038Z | sell | USDC=30 | fiat=AUD | rate=1.44 | in=30.00 USDC | out=43.17 AUD | quoteId=13aa3b5e-fa4f-4f8c-86b0-8344b952e752
2026-04-09T07:54:46.585Z | buy | USDC=30 | fiat=AZN | rate=1.89 | in=56.79 AZN | out=30.00 USDC | quoteId=19e44b94-3c85-4db9-9bd4-fd11f457f8fc
2026-04-09T07:54:49.038Z | sell | USDC=30 | fiat=AWG | rate=1.81 | in=30.00 USDC | out=54.45 AWG | quoteId=6786d78f-daef-4128-b4d4-974d48bf3a23
2026-04-09T07:54:46.585Z | buy | USDC=30 | fiat=BAM | rate=1.86 | in=55.93 BAM | out=30.00 USDC | quoteId=e00fd907-272d-4aea-9071-c8c9df6619dc
2026-04-09T07:54:49.038Z | sell | USDC=30 | fiat=AZN | rate=1.72 | in=30.00 USDC | out=51.73 AZN | quoteId=a6574109-d079-4faf-83a3-a7f1a5f65dc3
2026-04-09T07:54:46.585Z | buy | USDC=30 | fiat=BBD | rate=2.23 | in=66.78 BBD | out=30.00 USDC | quoteId=dd4d6d55-ab05-4772-8e52-5689566d9e92
2026-04-09T07:54:49.038Z | sell | USDC=30 | fiat=BAM | rate=1.70 | in=30.00 USDC | out=50.94 BAM | quoteId=749ab8a6-5fa2-4989-8e0b-df53f2c44336
2026-04-09T07:54:46.585Z | buy | USDC=30 | fiat=BDT | rate=136.81 | in=4104.27 BDT | out=30.00 USDC | quoteId=8515f4f8-ac81-453d-a8d1-2c425964c3dc
2026-04-09T07:54:49.038Z | sell | USDC=30 | fiat=BBD | rate=2.03 | in=30.00 USDC | out=60.83 BBD | quoteId=6cfca224-8785-43e1-9d4b-c48ceca6be9d
2026-04-09T07:54:46.585Z | buy | USDC=30 | fiat=BGN | rate=1.86 | in=55.93 BGN | out=30.00 USDC | quoteId=8d8f8d09-e6cf-456f-817f-6947da7198b0
2026-04-09T07:54:49.038Z | sell | USDC=30 | fiat=BDT | rate=124.62 | in=30.00 USDC | out=3738.55 BDT | quoteId=83791289-8673-4755-b178-102bced7bfa2
2026-04-09T07:54:46.585Z | buy | USDC=30 | fiat=BHD | rate=0.42 | in=12.56 BHD | out=30.00 USDC | quoteId=26ce5194-3f3b-449b-9953-9760a4b70b35
2026-04-09T07:54:49.038Z | sell | USDC=30 | fiat=BGN | rate=1.70 | in=30.00 USDC | out=50.94 BGN | quoteId=55e35913-2e3b-482f-952f-58eb334b7187
2026-04-09T07:54:46.585Z | buy | USDC=30 | fiat=BIF | rate=3318.68 | in=99560.40 BIF | out=30.00 USDC | quoteId=1d0f0198-e6a4-4b55-a37c-3a6dbddd0d56
2026-04-09T07:54:49.038Z | sell | USDC=30 | fiat=BHD | rate=0.38 | in=30.00 USDC | out=11.44 BHD | quoteId=d7da22cc-273d-4a46-a1ee-e226cc5f4af6
2026-04-09T07:54:46.585Z | buy | USDC=30 | fiat=BMD | rate=1.11 | in=33.39 BMD | out=30.00 USDC | quoteId=7a660cb1-9c5d-4d25-b707-43b8752c1e16
2026-04-09T07:54:49.038Z | sell | USDC=30 | fiat=BIF | rate=3022.96 | in=30.00 USDC | out=90688.92 BIF | quoteId=67e1bbff-f7dd-4ba3-972d-a3463e900c51
2026-04-09T07:54:49.038Z | sell | USDC=30 | fiat=BMD | rate=1.01 | in=30.00 USDC | out=30.42 BMD | quoteId=591be371-49da-42ff-8c52-b6468d85600b
2026-04-09T07:54:46.585Z | buy | USDC=30 | fiat=BND | rate=1.42 | in=42.54 BND | out=30.00 USDC | quoteId=b46c5e4c-b44c-487e-ba76-466a2e9f0262
2026-04-09T07:54:49.038Z | sell | USDC=30 | fiat=BND | rate=1.29 | in=30.00 USDC | out=38.75 BND | quoteId=17cc283b-3945-4028-aed4-a92fe4e8a351
2026-04-09T07:54:46.585Z | buy | USDC=30 | fiat=BOB | rate=7.71 | in=231.26 BOB | out=30.00 USDC | quoteId=13b44579-5f92-48ad-b353-2811443d56b2
2026-04-09T07:54:49.038Z | sell | USDC=30 | fiat=BOB | rate=7.02 | in=30.00 USDC | out=210.65 BOB | quoteId=844039e7-bd96-4579-aa73-455432e0e536
2026-04-09T07:54:46.585Z | buy | USDC=30 | fiat=BRL | rate=5.68 | in=170.38 BRL | out=30.00 USDC | quoteId=bd94f7a5-97fb-4c32-b94f-cf48bd5cf7de
2026-04-09T07:54:46.585Z | buy | USDC=30 | fiat=BSD | rate=1.11 | in=33.39 BSD | out=30.00 USDC | quoteId=693c8caf-74f3-4b9a-a70a-7e5293be32c7
2026-04-09T07:54:46.585Z | buy | USDC=30 | fiat=BTN | rate=103.04 | in=3091.21 BTN | out=30.00 USDC | quoteId=0dd929f6-be5d-4095-93fd-5f26e94ea8ae
2026-04-09T07:54:46.585Z | buy | USDC=30 | fiat=BWP | rate=15.21 | in=456.37 BWP | out=30.00 USDC | quoteId=890f409d-2577-41b6-98e3-1d80b4e05452
2026-04-09T07:54:49.038Z | sell | USDC=30 | fiat=BRL | rate=5.17 | in=30.00 USDC | out=155.20 BRL | quoteId=36e46333-1b92-481f-b5f7-8ac72d5c5e8d
2026-04-09T07:54:46.585Z | buy | USDC=30 | fiat=BYN | rate=3.25 | in=97.40 BYN | out=30.00 USDC | quoteId=eebea9e6-c39c-4738-9cae-bb5f7e50befb
2026-04-09T07:54:49.038Z | sell | USDC=30 | fiat=BSD | rate=1.01 | in=30.00 USDC | out=30.42 BSD | quoteId=3ac2771e-7b1f-4348-bb27-6ee5e9d2ec1c
2026-04-09T07:54:46.585Z | buy | USDC=30 | fiat=BZD | rate=2.23 | in=66.78 BZD | out=30.00 USDC | quoteId=53e94535-5fa7-4325-a634-20ff2cb1b233
2026-04-09T07:54:49.038Z | sell | USDC=30 | fiat=BTN | rate=93.86 | in=30.00 USDC | out=2815.76 BTN | quoteId=b538ae71-c9e1-4b0d-b9b0-44821ab6cc3e
2026-04-09T07:54:46.585Z | buy | USDC=30 | fiat=CAD | rate=1.54 | in=46.24 CAD | out=30.00 USDC | quoteId=1d2d3304-6e6b-40a9-a837-07d825f0bb78
2026-04-09T07:54:46.585Z | buy | USDC=30 | fiat=CDF | rate=2572.29 | in=77168.70 CDF | out=30.00 USDC | quoteId=78e3128a-01a9-435a-b05c-4b90b7e56198
2026-04-09T07:54:49.038Z | sell | USDC=30 | fiat=BWP | rate=13.86 | in=30.00 USDC | out=415.70 BWP | quoteId=a7f2e381-335a-4477-98f2-58bac3857973
2026-04-09T07:54:46.585Z | buy | USDC=30 | fiat=CHF | rate=0.88 | in=26.40 CHF | out=30.00 USDC | quoteId=2b80f4fb-544a-4586-8a94-ac2f519115f3
2026-04-09T07:54:49.038Z | sell | USDC=30 | fiat=BYN | rate=2.96 | in=30.00 USDC | out=88.72 BYN | quoteId=d56d284f-6e9f-442a-a943-2d1279696b84
2026-04-09T07:54:46.585Z | buy | USDC=30 | fiat=CLF | rate=0.03 | in=0.77 CLF | out=30.00 USDC | quoteId=9e838006-88c1-4674-aaf7-43006190a5db
2026-04-09T07:54:49.038Z | sell | USDC=30 | fiat=BZD | rate=2.03 | in=30.00 USDC | out=60.83 BZD | quoteId=89d143fe-e36d-4fc5-a1dc-2c2a3b7c2bdc
2026-04-09T07:54:46.585Z | buy | USDC=30 | fiat=CLP | rate=1019.53 | in=30585.87 CLP | out=30.00 USDC | quoteId=ee8c569f-ce80-46dc-ad89-6a3ede2042e1
2026-04-09T07:54:49.038Z | sell | USDC=30 | fiat=CAD | rate=1.40 | in=30.00 USDC | out=42.12 CAD | quoteId=e52584c6-4d61-46d5-8f3d-f40a12c8e16f
2026-04-09T07:54:49.038Z | sell | USDC=30 | fiat=CDF | rate=2343.08 | in=30.00 USDC | out=70292.46 CDF | quoteId=f7009b6e-77d1-4cca-aa4a-22fc5bdc1eda
2026-04-09T07:54:46.585Z | buy | USDC=30 | fiat=CNH | rate=7.60 | in=228.10 CNH | out=30.00 USDC | quoteId=8e72836b-dddf-4ed7-aae1-8cb7f7bcf9e8
2026-04-09T07:54:49.038Z | sell | USDC=30 | fiat=CHF | rate=0.80 | in=30.00 USDC | out=24.04 CHF | quoteId=1c8914fb-ffcd-40e3-bfe6-db9510e910ad
2026-04-09T07:54:46.585Z | buy | USDC=30 | fiat=CNY | rate=7.62 | in=228.52 CNY | out=30.00 USDC | quoteId=e2e173dc-4124-4f27-b7fc-3ad2aef1ef5b
2026-04-09T07:54:49.038Z | sell | USDC=30 | fiat=CLF | rate=0.02 | in=30.00 USDC | out=0.70 CLF | quoteId=e6c9f1ad-b2d9-488b-aa6f-cbb8d35bc952
2026-04-09T07:54:46.585Z | buy | USDC=30 | fiat=COP | rate=4103.86 | in=123115.84 COP | out=30.00 USDC | quoteId=90ffbed3-6248-4ac6-aadc-3463fe6d9045
2026-04-09T07:54:49.038Z | sell | USDC=30 | fiat=CLP | rate=928.68 | in=30.00 USDC | out=27860.47 CLP | quoteId=e98a5a55-75db-4444-a756-66f23d028ab0
2026-04-09T07:54:46.585Z | buy | USDC=30 | fiat=CRC | rate=516.66 | in=15499.92 CRC | out=30.00 USDC | quoteId=08f288bb-a0e1-4222-b38e-eb27eea23a92
2026-04-09T07:54:49.038Z | sell | USDC=30 | fiat=CNH | rate=6.93 | in=30.00 USDC | out=207.78 CNH | quoteId=7880f7bd-d6fd-4dc4-ad85-b3228cc3ca47
2026-04-09T07:54:46.585Z | buy | USDC=30 | fiat=CUP | rate=26.71 | in=801.40 CUP | out=30.00 USDC | quoteId=57312f26-e11a-47b3-b0b7-d68bceb29c6a
2026-04-09T07:54:49.038Z | sell | USDC=30 | fiat=CNY | rate=6.94 | in=30.00 USDC | out=208.16 CNY | quoteId=fd3a399f-73a7-473c-b814-27eede0d58ca
2026-04-09T07:54:46.585Z | buy | USDC=30 | fiat=CVE | rate=105.10 | in=3153.06 CVE | out=30.00 USDC | quoteId=3ffd652e-1f32-4fe5-8235-28c7341ee74e
2026-04-09T07:54:49.038Z | sell | USDC=30 | fiat=COP | rate=3738.18 | in=30.00 USDC | out=112145.42 COP | quoteId=9fb4fd5e-06c5-477d-ad66-04e490fed463
2026-04-09T07:54:46.585Z | buy | USDC=30 | fiat=CZK | rate=23.26 | in=697.70 CZK | out=30.00 USDC | quoteId=316ae444-70fe-48c4-979c-a0b8ceb93eed
2026-04-09T07:54:49.038Z | sell | USDC=30 | fiat=CRC | rate=470.63 | in=30.00 USDC | out=14118.78 CRC | quoteId=964b3b54-8dbe-4ede-aed4-5280f5abffa9
2026-04-09T07:54:46.585Z | buy | USDC=30 | fiat=DJF | rate=197.81 | in=5934.39 DJF | out=30.00 USDC | quoteId=286967d4-0f51-4642-85ef-245b5ff10fd7
2026-04-09T07:54:46.585Z | buy | USDC=30 | fiat=DKK | rate=7.11 | in=213.29 DKK | out=30.00 USDC | quoteId=81fbc596-1a63-4667-af06-0ce86960a0eb
2026-04-09T07:54:49.038Z | sell | USDC=30 | fiat=CUP | rate=24.33 | in=30.00 USDC | out=729.99 CUP | quoteId=212a3584-aa7f-45b8-9eb5-4307add64cba
2026-04-09T07:54:46.585Z | buy | USDC=30 | fiat=DOP | rate=67.33 | in=2019.97 DOP | out=30.00 USDC | quoteId=147c56d8-6219-4e57-ad3e-468d59610b92
2026-04-09T07:54:49.038Z | sell | USDC=30 | fiat=CVE | rate=95.74 | in=30.00 USDC | out=2872.10 CVE | quoteId=d72d51bd-916b-461b-a303-c55ee8351aee
2026-04-09T07:54:46.585Z | buy | USDC=30 | fiat=DZD | rate=147.48 | in=4424.43 DZD | out=30.00 USDC | quoteId=39b9226e-926d-4ed1-a80c-fcafbcb4b3eb
2026-04-09T07:54:49.038Z | sell | USDC=30 | fiat=CZK | rate=21.18 | in=30.00 USDC | out=635.53 CZK | quoteId=1b8314a7-208d-4c71-a121-83d1865501ce
2026-04-09T07:54:46.585Z | buy | USDC=30 | fiat=EGP | rate=59.35 | in=1780.45 EGP | out=30.00 USDC | quoteId=e9261a22-f0a8-4320-b3d6-8c8cfd7a4c41
2026-04-09T07:54:49.038Z | sell | USDC=30 | fiat=DJF | rate=180.19 | in=30.00 USDC | out=5405.60 DJF | quoteId=f4833a0a-fb53-4600-9950-d55386ee6e7b
2026-04-09T07:54:46.585Z | buy | USDC=30 | fiat=ERN | rate=16.70 | in=500.87 ERN | out=30.00 USDC | quoteId=b231ae45-43a7-45f5-91b8-ad0e5f93d320
2026-04-09T07:54:49.038Z | sell | USDC=30 | fiat=DKK | rate=6.48 | in=30.00 USDC | out=194.29 DKK | quoteId=4f1160e6-bcac-4974-94c0-5a81dd8bb6f8
2026-04-09T07:54:46.585Z | buy | USDC=30 | fiat=ETB | rate=173.99 | in=5219.85 ETB | out=30.00 USDC | quoteId=d328400a-4457-4794-80a2-ed053ed97817
2026-04-09T07:54:49.038Z | sell | USDC=30 | fiat=DOP | rate=61.33 | in=30.00 USDC | out=1839.98 DOP | quoteId=a1feb158-f634-4cb3-8bfb-bf88bd3a4eba
2026-04-09T07:54:46.585Z | buy | USDC=30 | fiat=EUR | rate=0.95 | in=28.60 EUR | out=30.00 USDC | quoteId=55eaabb0-c627-4bb5-a9b1-6ff25e4f1f48
2026-04-09T07:54:49.038Z | sell | USDC=30 | fiat=DZD | rate=134.34 | in=30.00 USDC | out=4030.19 DZD | quoteId=9316d1a4-50d4-4739-9096-be37cda0b163
2026-04-09T07:54:49.038Z | sell | USDC=30 | fiat=EGP | rate=54.06 | in=30.00 USDC | out=1621.80 EGP | quoteId=491539dc-50cf-4001-9a69-2a25e70de1b8
2026-04-09T07:54:46.585Z | buy | USDC=30 | fiat=FJD | rate=2.47 | in=74.00 FJD | out=30.00 USDC | quoteId=d13e646a-136a-4662-a0c1-f68cec1eca4c
2026-04-09T07:54:46.585Z | buy | USDC=30 | fiat=FKP | rate=0.83 | in=24.89 FKP | out=30.00 USDC | quoteId=b1131981-c35d-4a52-ad6f-669517cd9846
2026-04-09T07:54:49.038Z | sell | USDC=30 | fiat=ERN | rate=15.21 | in=30.00 USDC | out=456.24 ERN | quoteId=1028ce6f-a981-4281-96d7-cbdf1516af14
2026-04-09T07:54:49.038Z | sell | USDC=30 | fiat=ETB | rate=158.49 | in=30.00 USDC | out=4754.73 ETB | quoteId=a277ad99-e878-45ca-8f22-1e5597915795
2026-04-09T07:54:46.585Z | buy | USDC=30 | fiat=FOK | rate=7.11 | in=213.30 FOK | out=30.00 USDC | quoteId=16ba5385-50bf-456b-a0cc-d1276326670f
2026-04-09T07:54:49.038Z | sell | USDC=30 | fiat=EUR | rate=0.87 | in=30.00 USDC | out=26.05 EUR | quoteId=1b4dca8e-0e01-4dee-ab71-5354b778ae5a
2026-04-09T07:54:46.585Z | buy | USDC=30 | fiat=GBP | rate=0.83 | in=24.89 GBP | out=30.00 USDC | quoteId=1673999b-1f12-4e06-b7df-96bc1b9081c2
2026-04-09T07:54:49.038Z | sell | USDC=30 | fiat=FJD | rate=2.25 | in=30.00 USDC | out=67.41 FJD | quoteId=7b3bdede-9475-4d40-8573-3cae706aa8f8
2026-04-09T07:54:46.585Z | buy | USDC=30 | fiat=GEL | rate=3.00 | in=89.97 GEL | out=30.00 USDC | quoteId=5e496160-8a66-4c7c-8fc9-2c90d95a058b
2026-04-09T07:54:49.038Z | sell | USDC=30 | fiat=FKP | rate=0.76 | in=30.00 USDC | out=22.67 FKP | quoteId=b2be0ced-e3dd-4d17-a202-b8a044c5ae2f
2026-04-09T07:54:46.585Z | buy | USDC=30 | fiat=GGP | rate=0.83 | in=24.89 GGP | out=30.00 USDC | quoteId=70488928-7058-44a6-a0d1-25fd4c57a233
2026-04-09T07:54:49.038Z | sell | USDC=30 | fiat=FOK | rate=6.48 | in=30.00 USDC | out=194.29 FOK | quoteId=8f834d0d-6364-421e-af0b-55e5afa402fa
2026-04-09T07:54:46.585Z | buy | USDC=30 | fiat=GHS | rate=12.33 | in=369.92 GHS | out=30.00 USDC | quoteId=af1a97b2-722d-406b-8e9e-40f312a87f44
2026-04-09T07:54:49.038Z | sell | USDC=30 | fiat=GBP | rate=0.76 | in=30.00 USDC | out=22.67 GBP | quoteId=d036ddda-518e-4e35-a2b9-afeb68b3a422
2026-04-09T07:54:46.585Z | buy | USDC=30 | fiat=GIP | rate=0.83 | in=24.89 GIP | out=30.00 USDC | quoteId=29e43a60-1c5f-4fd9-b059-29b94ea91446
2026-04-09T07:54:49.038Z | sell | USDC=30 | fiat=GEL | rate=2.73 | in=30.00 USDC | out=81.95 GEL | quoteId=0fd9df38-890a-4b7b-b575-cc96dbaefe44
2026-04-09T07:54:46.585Z | buy | USDC=30 | fiat=GMD | rate=82.73 | in=2481.98 GMD | out=30.00 USDC | quoteId=136840a2-2d66-48d1-8e75-cebc0d0576cb
2026-04-09T07:54:49.038Z | sell | USDC=30 | fiat=GGP | rate=0.76 | in=30.00 USDC | out=22.67 GGP | quoteId=40181ef6-b595-40d7-95f9-71873b1a9476
2026-04-09T07:54:46.585Z | buy | USDC=30 | fiat=GNF | rate=9780.88 | in=293426.44 GNF | out=30.00 USDC | quoteId=18768686-fc49-45f7-997e-f162ef118937
2026-04-09T07:54:49.038Z | sell | USDC=30 | fiat=GHS | rate=11.23 | in=30.00 USDC | out=336.96 GHS | quoteId=604eb0e4-31c6-4337-a7e2-d587f5ddded3
2026-04-09T07:54:46.585Z | buy | USDC=30 | fiat=GTQ | rate=8.52 | in=255.51 GTQ | out=30.00 USDC | quoteId=7cfd08e7-252f-4316-8c16-e27f57a146d4
2026-04-09T07:54:46.585Z | buy | USDC=30 | fiat=GYD | rate=233.41 | in=7002.35 GYD | out=30.00 USDC | quoteId=1f80f9db-84b7-4426-b924-a233183c38b3
2026-04-09T07:54:49.038Z | sell | USDC=30 | fiat=GIP | rate=0.76 | in=30.00 USDC | out=22.67 GIP | quoteId=0ed23f60-6621-411f-8379-3d53c05ecd84
2026-04-09T07:54:49.038Z | sell | USDC=30 | fiat=GMD | rate=75.36 | in=30.00 USDC | out=2260.82 GMD | quoteId=8504a7a4-5272-404c-810e-95ee632de922
2026-04-09T07:54:46.585Z | buy | USDC=30 | fiat=HKD | rate=8.72 | in=261.53 HKD | out=30.00 USDC | quoteId=dcd641a0-5c21-4227-8853-5a1a05f8f95a
2026-04-09T07:54:49.038Z | sell | USDC=30 | fiat=GNF | rate=8909.34 | in=30.00 USDC | out=267280.23 GNF | quoteId=0c99a93d-e951-4164-9c5a-f8f75c94deb7
2026-04-09T07:54:46.585Z | buy | USDC=30 | fiat=HNL | rate=29.56 | in=886.93 HNL | out=30.00 USDC | quoteId=7d4599a4-d0e0-4926-9bb7-1ccc637c3dfc
2026-04-09T07:54:46.585Z | buy | USDC=30 | fiat=HRK | rate=7.18 | in=215.45 HRK | out=30.00 USDC | quoteId=087d8b3d-9257-483a-a36c-02ce84e42eb3
2026-04-09T07:54:49.038Z | sell | USDC=30 | fiat=GTQ | rate=7.76 | in=30.00 USDC | out=232.74 GTQ | quoteId=91888bd3-0cca-4bda-a035-4e75a86f54b3
2026-04-09T07:54:46.585Z | buy | USDC=30 | fiat=HTG | rate=146.10 | in=4382.86 HTG | out=30.00 USDC | quoteId=c68688c1-310e-4e63-839d-c681953c96f0
2026-04-09T07:54:49.038Z | sell | USDC=30 | fiat=GYD | rate=212.61 | in=30.00 USDC | out=6378.39 GYD | quoteId=6f60faa5-2d87-4d42-82de-4e2c7db52db5
2026-04-09T07:54:46.585Z | buy | USDC=30 | fiat=HUF | rate=359.01 | in=10770.29 HUF | out=30.00 USDC | quoteId=73c6484d-5967-480c-a500-05f6b4406683
2026-04-09T07:54:49.038Z | sell | USDC=30 | fiat=HKD | rate=7.94 | in=30.00 USDC | out=238.23 HKD | quoteId=7d69e398-1761-46dc-8428-fedd7a795747
2026-04-09T07:54:46.585Z | buy | USDC=30 | fiat=IDR | rate=18933.65 | in=568009.57 IDR | out=30.00 USDC | quoteId=e019e9dc-625f-45b6-afc1-355411748b4b
2026-04-09T07:54:49.038Z | sell | USDC=30 | fiat=HNL | rate=26.93 | in=30.00 USDC | out=807.89 HNL | quoteId=58810e9f-63e2-444f-8bfd-9feda3157e5d
2026-04-09T07:54:46.585Z | buy | USDC=30 | fiat=ILS | rate=3.44 | in=103.15 ILS | out=30.00 USDC | quoteId=706bcbd5-7a1b-47f9-84ca-6282c680be72
2026-04-09T07:54:46.585Z | buy | USDC=30 | fiat=IMP | rate=0.83 | in=24.89 IMP | out=30.00 USDC | quoteId=fcce900a-c216-484a-af66-e45af5ec0cbc
2026-04-09T07:54:49.038Z | sell | USDC=30 | fiat=HRK | rate=6.54 | in=30.00 USDC | out=196.25 HRK | quoteId=1d899340-38cc-41b6-af6a-a31b2572b1c4
2026-04-09T07:54:46.585Z | buy | USDC=30 | fiat=INR | rate=103.04 | in=3091.22 INR | out=30.00 USDC | quoteId=0366ba3e-d74e-4223-a7b3-b92472ab3215
2026-04-09T07:54:49.038Z | sell | USDC=30 | fiat=HTG | rate=133.08 | in=30.00 USDC | out=3992.32 HTG | quoteId=fe2eed96-5898-4174-aa85-7c605a18ded8
2026-04-09T07:54:46.585Z | buy | USDC=30 | fiat=IQD | rate=1461.41 | in=43842.31 IQD | out=30.00 USDC | quoteId=53031d11-01e0-43e5-a7c9-4aa6af54fbc0
2026-04-09T07:54:49.038Z | sell | USDC=30 | fiat=HUF | rate=327.02 | in=30.00 USDC | out=9810.59 HUF | quoteId=118dd16e-1938-4dd0-9ac1-bb7c9c2d2066
2026-04-09T07:54:46.585Z | buy | USDC=30 | fiat=IRR | rate=1200193.45 | in=36005803.56 IRR | out=30.00 USDC | quoteId=e583b1a4-eb70-493d-b871-04ee7a3a04cb
2026-04-09T07:54:49.038Z | sell | USDC=30 | fiat=IDR | rate=17246.54 | in=30.00 USDC | out=517396.22 IDR | quoteId=ad1fd6aa-580d-451d-a563-652c0198f3dd
2026-04-09T07:54:46.585Z | buy | USDC=30 | fiat=ISK | rate=136.94 | in=4108.18 ISK | out=30.00 USDC | quoteId=251fdaf7-7920-443b-a177-589917c2602b
2026-04-09T07:54:49.038Z | sell | USDC=30 | fiat=ILS | rate=3.13 | in=30.00 USDC | out=93.96 ILS | quoteId=b6693556-6b5f-474e-9291-f455f6260525
2026-04-09T07:54:46.585Z | buy | USDC=30 | fiat=JEP | rate=0.83 | in=24.89 JEP | out=30.00 USDC | quoteId=289e4a28-d951-4718-9249-c023bc46339a
2026-04-09T07:54:46.585Z | buy | USDC=30 | fiat=JMD | rate=175.32 | in=5259.62 JMD | out=30.00 USDC | quoteId=aab814d7-db86-44f9-b22a-703884bdca5c
2026-04-09T07:54:49.038Z | sell | USDC=30 | fiat=IMP | rate=0.76 | in=30.00 USDC | out=22.67 IMP | quoteId=34dd90a0-19f4-48da-80f8-16d07c8c8cc5
2026-04-09T07:54:46.585Z | buy | USDC=30 | fiat=JOD | rate=0.79 | in=23.67 JOD | out=30.00 USDC | quoteId=915e56e8-f431-45e0-9728-3aedacbe2e2c
2026-04-09T07:54:49.038Z | sell | USDC=30 | fiat=INR | rate=93.86 | in=30.00 USDC | out=2815.77 INR | quoteId=02802afc-7720-4b70-a795-560447433243
2026-04-09T07:54:46.585Z | buy | USDC=30 | fiat=JPY | rate=176.45 | in=5293.55 JPY | out=30.00 USDC | quoteId=ef6ac40b-3ce6-4b25-917b-e15913f0ba72
2026-04-09T07:54:46.585Z | buy | USDC=30 | fiat=KES | rate=134.27 | in=4028.25 KES | out=30.00 USDC | quoteId=70c66e8e-3347-40d8-8a93-975b48cbf9cb
2026-04-09T07:54:49.038Z | sell | USDC=30 | fiat=IQD | rate=1331.19 | in=30.00 USDC | out=39935.67 IQD | quoteId=a8b659e0-8f14-4494-8a32-73f252d0f45c
2026-04-09T07:54:46.585Z | buy | USDC=30 | fiat=KGS | rate=97.42 | in=2922.72 KGS | out=30.00 USDC | quoteId=77e04146-7411-46d8-970e-9aa62c44acc4
2026-04-09T07:54:49.038Z | sell | USDC=30 | fiat=IRR | rate=1093248.41 | in=30.00 USDC | out=32797452.35 IRR | quoteId=cb9aedd4-2475-42cc-a7f2-cf7759dff121
2026-04-09T07:54:46.585Z | buy | USDC=30 | fiat=KHR | rate=4482.56 | in=134476.69 KHR | out=30.00 USDC | quoteId=3f162513-cb86-4d33-b769-d8175af794cb
2026-04-09T07:54:46.585Z | buy | USDC=30 | fiat=KID | rate=1.58 | in=47.39 KID | out=30.00 USDC | quoteId=beac77c6-9f23-4c92-88ef-86ebfc9cb620
2026-04-09T07:54:49.038Z | sell | USDC=30 | fiat=ISK | rate=124.74 | in=30.00 USDC | out=3742.11 ISK | quoteId=288a9491-eddc-4dc1-ac73-9cdaf9c51f91
2026-04-09T07:54:46.585Z | buy | USDC=30 | fiat=KMF | rate=468.93 | in=14067.97 KMF | out=30.00 USDC | quoteId=6157180a-20d4-4240-923d-7bdaeefb4087
2026-04-09T07:54:49.038Z | sell | USDC=30 | fiat=JEP | rate=0.76 | in=30.00 USDC | out=22.67 JEP | quoteId=90328217-0b62-41a5-967a-287d1d0ce8b2
2026-04-09T07:54:46.585Z | buy | USDC=30 | fiat=KRW | rate=1645.15 | in=49354.48 KRW | out=30.00 USDC | quoteId=d0660879-0e69-45b7-b5c0-2a99a8f61c04
2026-04-09T07:54:49.038Z | sell | USDC=30 | fiat=JMD | rate=159.70 | in=30.00 USDC | out=4790.95 JMD | quoteId=39449d6f-dbc5-4dc8-b379-6aa431fc8bc4
2026-04-09T07:54:46.585Z | buy | USDC=30 | fiat=KWD | rate=0.34 | in=10.30 KWD | out=30.00 USDC | quoteId=9b8a171b-3fc0-4d92-adf2-893b44613c86
2026-04-09T07:54:46.585Z | buy | USDC=30 | fiat=KYD | rate=0.93 | in=27.83 KYD | out=30.00 USDC | quoteId=5935f24d-7019-4e61-83a3-7cd6e4bcc2c5
2026-04-09T07:54:49.038Z | sell | USDC=30 | fiat=JOD | rate=0.72 | in=30.00 USDC | out=21.57 JOD | quoteId=b1a8bbc7-f85d-463c-b79a-844853b875f5
2026-04-09T07:54:46.585Z | buy | USDC=30 | fiat=KZT | rate=531.74 | in=15952.10 KZT | out=30.00 USDC | quoteId=894b399c-bde9-4b21-bf6a-2be4b0a9bfd5
2026-04-09T07:54:49.038Z | sell | USDC=30 | fiat=JPY | rate=160.73 | in=30.00 USDC | out=4821.86 JPY | quoteId=8347f2ca-f026-41f8-8bd9-3b062d4fb764
2026-04-09T07:54:49.038Z | sell | USDC=30 | fiat=KES | rate=125.77 | in=30.00 USDC | out=3773.25 KES | quoteId=bdc7dc54-2466-41d4-af83-655d2f34becf
2026-04-09T07:54:46.585Z | buy | USDC=30 | fiat=LAK | rate=24458.48 | in=733754.32 LAK | out=30.00 USDC | quoteId=44c9948b-0386-43c8-83e2-50c9dd49eef5
2026-04-09T07:54:49.038Z | sell | USDC=30 | fiat=KGS | rate=88.74 | in=30.00 USDC | out=2662.28 KGS | quoteId=e9d32ea4-a49f-4585-b429-c57b8e02ef3c
2026-04-09T07:54:46.585Z | buy | USDC=30 | fiat=LBP | rate=99618.36 | in=2988550.93 LBP | out=30.00 USDC | quoteId=1827fe0a-fe42-40bc-945a-f51efd2006a1
2026-04-09T07:54:49.038Z | sell | USDC=30 | fiat=KHR | rate=4083.13 | in=30.00 USDC | out=122493.94 KHR | quoteId=f9c288de-b2ed-44c0-82d7-419c61176063
2026-04-09T07:54:49.038Z | sell | USDC=30 | fiat=KID | rate=1.44 | in=30.00 USDC | out=43.16 KID | quoteId=348ed879-291b-44b7-8f07-4f9be41eded5
2026-04-09T07:54:46.585Z | buy | USDC=30 | fiat=LKR | rate=350.27 | in=10507.96 LKR | out=30.00 USDC | quoteId=d7e1b5f9-99a6-4191-a671-32bd6ab9687d
2026-04-09T07:54:49.038Z | sell | USDC=30 | fiat=KMF | rate=427.15 | in=30.00 USDC | out=12814.42 KMF | quoteId=6fffa90c-a7ca-4aa7-a209-32e1a9eaeb37
2026-04-09T07:54:46.585Z | buy | USDC=30 | fiat=LRD | rate=205.18 | in=6155.37 LRD | out=30.00 USDC | quoteId=801ba97d-8dcc-4659-8d50-e0733b2b01f2
2026-04-09T07:54:49.038Z | sell | USDC=30 | fiat=KRW | rate=1498.56 | in=30.00 USDC | out=44956.68 KRW | quoteId=e2143bf6-5bcd-4d13-8664-2910d7e0862f
2026-04-09T07:54:46.585Z | buy | USDC=30 | fiat=LSL | rate=18.25 | in=547.55 LSL | out=30.00 USDC | quoteId=2789c4a4-24c8-4be6-a90d-11c830051a30
2026-04-09T07:54:49.038Z | sell | USDC=30 | fiat=KWD | rate=0.31 | in=30.00 USDC | out=9.38 KWD | quoteId=7f47113d-7511-4062-b6b1-dd4095591dc9
2026-04-09T07:54:46.585Z | buy | USDC=30 | fiat=LYD | rate=7.13 | in=213.87 LYD | out=30.00 USDC | quoteId=cc568f93-5e4b-4577-ab97-90d84ba7a0d6
2026-04-09T07:54:49.038Z | sell | USDC=30 | fiat=KYD | rate=0.84 | in=30.00 USDC | out=25.35 KYD | quoteId=adf5b363-38d4-49cc-8cc1-690d3ce4dd86
2026-04-09T07:54:46.585Z | buy | USDC=30 | fiat=MAD | rate=10.37 | in=311.17 MAD | out=30.00 USDC | quoteId=1079e67a-855c-4310-b920-14ab3c16784e
2026-04-09T07:54:49.038Z | sell | USDC=30 | fiat=KZT | rate=484.36 | in=30.00 USDC | out=14530.66 KZT | quoteId=9d998a65-ced5-4634-a6b8-a8c8cfe3d085
2026-04-09T07:54:46.585Z | buy | USDC=30 | fiat=MDL | rate=19.27 | in=577.97 MDL | out=30.00 USDC | quoteId=9f563183-1ab5-441d-bdc8-2b6094ef4a41
2026-04-09T07:54:49.038Z | sell | USDC=30 | fiat=LAK | rate=22279.07 | in=30.00 USDC | out=668372.04 LAK | quoteId=02fdaaef-1c3c-4294-82b5-884e72fba4c3
2026-04-09T07:54:46.585Z | buy | USDC=30 | fiat=MGA | rate=4634.65 | in=139039.40 MGA | out=30.00 USDC | quoteId=b8777067-cc2e-4a45-b54e-b1d7059d6941
2026-04-09T07:54:46.585Z | buy | USDC=30 | fiat=MKD | rate=59.52 | in=1785.52 MKD | out=30.00 USDC | quoteId=996ac453-6e56-4f29-a989-71117f5d0994
2026-04-09T07:54:49.038Z | sell | USDC=30 | fiat=LBP | rate=90741.72 | in=30.00 USDC | out=2722251.61 LBP | quoteId=590a8c35-28ef-4caa-853e-865101d00601
2026-04-09T07:54:46.585Z | buy | USDC=30 | fiat=MMK | rate=2338.76 | in=70162.83 MMK | out=30.00 USDC | quoteId=55d9e215-2f66-42c1-8d87-82d73743eee7
2026-04-09T07:54:49.038Z | sell | USDC=30 | fiat=LKR | rate=319.05 | in=30.00 USDC | out=9571.63 LKR | quoteId=77abf0ae-8940-470a-aba5-ad616f867152
2026-04-09T07:54:46.585Z | buy | USDC=30 | fiat=MNT | rate=4006.99 | in=120209.76 MNT | out=30.00 USDC | quoteId=cb53200b-d78c-452b-bacc-ac86e9e342c2
2026-04-09T07:54:49.038Z | sell | USDC=30 | fiat=LRD | rate=186.90 | in=30.00 USDC | out=5606.89 LRD | quoteId=82cf1428-2d0c-49e7-8ba1-021caaf476d1
2026-04-09T07:54:46.585Z | buy | USDC=30 | fiat=MOP | rate=8.98 | in=269.37 MOP | out=30.00 USDC | quoteId=ff0728bb-d175-47f1-8acc-7ae7e80ff084
2026-04-09T07:54:49.038Z | sell | USDC=30 | fiat=LSL | rate=16.63 | in=30.00 USDC | out=498.76 LSL | quoteId=8e92809e-6649-4c56-812a-23ebfe75dd92
2026-04-09T07:54:46.585Z | buy | USDC=30 | fiat=MRU | rate=44.68 | in=1340.40 MRU | out=30.00 USDC | quoteId=d6284dc1-0b21-40bd-be88-71340d31aed7
2026-04-09T07:54:49.038Z | sell | USDC=30 | fiat=LYD | rate=6.49 | in=30.00 USDC | out=194.81 LYD | quoteId=6182cd30-2c43-401b-8498-59cb5536933c
2026-04-09T07:54:46.585Z | buy | USDC=30 | fiat=MUR | rate=51.86 | in=1555.75 MUR | out=30.00 USDC | quoteId=ff09607e-9143-47ee-93fc-b8321a0d9c5c
2026-04-09T07:54:49.038Z | sell | USDC=30 | fiat=MAD | rate=9.45 | in=30.00 USDC | out=283.45 MAD | quoteId=01e1bccb-3691-4a78-be7d-a21835fd5e01
2026-04-09T07:54:46.585Z | buy | USDC=30 | fiat=MVR | rate=17.20 | in=516.00 MVR | out=30.00 USDC | quoteId=d9172b7b-bc40-4771-b712-ef829520e282
2026-04-09T07:54:49.038Z | sell | USDC=30 | fiat=MDL | rate=17.55 | in=30.00 USDC | out=526.47 MDL | quoteId=3e2da665-2965-4da4-966e-854b39d882aa
2026-04-09T07:54:49.038Z | sell | USDC=30 | fiat=MGA | rate=4221.67 | in=30.00 USDC | out=126650.09 MGA | quoteId=568b8b54-f737-48bd-a0e5-cbac7a9d8ea7
2026-04-09T07:54:46.585Z | buy | USDC=30 | fiat=MWK | rate=1938.46 | in=58153.86 MWK | out=30.00 USDC | quoteId=a06f8ea6-634a-48ff-9fa1-96c77381e072
2026-04-09T07:54:49.038Z | sell | USDC=30 | fiat=MKD | rate=54.21 | in=30.00 USDC | out=1626.42 MKD | quoteId=5023ae7e-bc8d-415f-bea7-d24321367d3c
2026-04-09T07:54:46.585Z | buy | USDC=30 | fiat=MXN | rate=19.41 | in=582.19 MXN | out=30.00 USDC | quoteId=88426c99-0351-491a-a239-6af10a4ef81a
2026-04-09T07:54:49.038Z | sell | USDC=30 | fiat=MMK | rate=2130.36 | in=30.00 USDC | out=63910.86 MMK | quoteId=33ad38cc-3771-4d18-9665-0e07ed68c60d
2026-04-09T07:54:46.585Z | buy | USDC=30 | fiat=MYR | rate=4.43 | in=132.82 MYR | out=30.00 USDC | quoteId=bd176f04-d27d-48a9-95c6-ff6c205f36d7
2026-04-09T07:54:49.038Z | sell | USDC=30 | fiat=MNT | rate=3649.94 | in=30.00 USDC | out=109498.29 MNT | quoteId=93b992d7-1d22-4aae-a97b-052e2bce7f54
2026-04-09T07:54:46.585Z | buy | USDC=30 | fiat=MZN | rate=71.00 | in=2129.85 MZN | out=30.00 USDC | quoteId=e17d6a24-00c1-4673-817c-8b678a31815c
2026-04-09T07:54:49.038Z | sell | USDC=30 | fiat=MOP | rate=8.18 | in=30.00 USDC | out=245.36 MOP | quoteId=421fc19a-74bb-49f7-a422-fb444e59f14e
2026-04-09T07:54:46.585Z | buy | USDC=30 | fiat=NAD | rate=18.25 | in=547.55 NAD | out=30.00 USDC | quoteId=0b0f2a88-687f-4ec4-bd82-00f5d257de95
2026-04-09T07:54:49.038Z | sell | USDC=30 | fiat=MRU | rate=40.70 | in=30.00 USDC | out=1220.96 MRU | quoteId=86ef743e-346b-40fc-b67d-3811d7e09f6f
2026-04-09T07:54:49.038Z | sell | USDC=30 | fiat=MUR | rate=47.24 | in=30.00 USDC | out=1417.12 MUR | quoteId=e0a2c226-2174-4740-8aae-04d175a5271d
2026-04-09T07:54:46.585Z | buy | USDC=30 | fiat=NGN | rate=1526.81 | in=45804.19 NGN | out=30.00 USDC | quoteId=648e9acb-6663-4f93-aaf0-b956167b7e6f
2026-04-09T07:54:49.038Z | sell | USDC=30 | fiat=MVR | rate=15.67 | in=30.00 USDC | out=470.02 MVR | quoteId=af72fa82-2796-4339-ba85-48b376dc8ccd
2026-04-09T07:54:46.585Z | buy | USDC=30 | fiat=NIO | rate=40.94 | in=1228.24 NIO | out=30.00 USDC | quoteId=5a362522-828d-4237-958e-a046dae729fc
2026-04-09T07:54:46.585Z | buy | USDC=30 | fiat=NOK | rate=10.65 | in=319.38 NOK | out=30.00 USDC | quoteId=0124e2d4-6363-4ec8-8ae5-4bae0691b918
2026-04-09T07:54:46.585Z | buy | USDC=30 | fiat=NPR | rate=164.86 | in=4945.93 NPR | out=30.00 USDC | quoteId=04759685-262a-4d1a-8213-fb0d8d714234
2026-04-09T07:54:46.585Z | buy | USDC=30 | fiat=NZD | rate=1.91 | in=57.31 NZD | out=30.00 USDC | quoteId=140151d3-9dc0-4d5f-84a3-8756df198a6c
2026-04-09T07:54:46.585Z | buy | USDC=30 | fiat=OMR | rate=0.43 | in=12.84 OMR | out=30.00 USDC | quoteId=d1653d13-cba5-4788-8880-07f4e90886b4
2026-04-09T07:54:46.585Z | buy | USDC=30 | fiat=PAB | rate=1.11 | in=33.39 PAB | out=30.00 USDC | quoteId=ac643787-68e0-48ce-b902-acd9873fb4d1
2026-04-09T07:54:46.585Z | buy | USDC=30 | fiat=PEN | rate=3.79 | in=113.84 PEN | out=30.00 USDC | quoteId=ec43b0db-e6bb-478c-bd60-ffdda8fc8a73
2026-04-09T07:54:49.038Z | sell | USDC=30 | fiat=MWK | rate=1765.73 | in=30.00 USDC | out=52971.97 MWK | quoteId=ab9d9917-db1a-4c1a-b006-5872de27b9fa
2026-04-09T07:54:46.585Z | buy | USDC=30 | fiat=PGK | rate=4.87 | in=145.97 PGK | out=30.00 USDC | quoteId=20ecf7e6-62f0-4170-bf8b-57b2d2f5ecab
2026-04-09T07:54:49.038Z | sell | USDC=30 | fiat=MXN | rate=17.68 | in=30.00 USDC | out=530.32 MXN | quoteId=a0d4ed9e-66e3-422a-a1a8-8a2c76fa1bbd
2026-04-09T07:54:46.585Z | buy | USDC=30 | fiat=PHP | rate=66.26 | in=1987.79 PHP | out=30.00 USDC | quoteId=2db168f2-e4df-4a13-9ba8-bcf784ed6e2f
2026-04-09T07:54:49.038Z | sell | USDC=30 | fiat=MYR | rate=4.03 | in=30.00 USDC | out=120.98 MYR | quoteId=b591ceae-8ff5-4947-b8e4-7c4f4c0b2f3c
2026-04-09T07:54:46.585Z | buy | USDC=30 | fiat=PKR | rate=310.30 | in=9309.11 PKR | out=30.00 USDC | quoteId=053867e4-a745-4bb0-aaf3-6a5e8a064548
2026-04-09T07:54:49.038Z | sell | USDC=30 | fiat=MZN | rate=64.67 | in=30.00 USDC | out=1940.07 MZN | quoteId=11a5eb57-1a81-4111-92c2-fbb9faab1796
2026-04-09T07:54:46.585Z | buy | USDC=30 | fiat=PLN | rate=4.06 | in=121.69 PLN | out=30.00 USDC | quoteId=58261a14-f1c6-42ca-9ec5-9725e4981e04
2026-04-09T07:54:49.038Z | sell | USDC=30 | fiat=NAD | rate=16.63 | in=30.00 USDC | out=498.76 NAD | quoteId=eed8bcbb-8ef7-48b4-b5fa-5cb1b619901c
2026-04-09T07:54:46.585Z | buy | USDC=30 | fiat=PYG | rate=7220.42 | in=216612.49 PYG | out=30.00 USDC | quoteId=d9823f2c-bb6c-4dd0-abce-e0b2c1aa061b
2026-04-09T07:54:46.585Z | buy | USDC=30 | fiat=QAR | rate=4.05 | in=121.55 QAR | out=30.00 USDC | quoteId=f922b03e-15d7-4ecd-b541-398277d2743e
2026-04-09T07:54:46.585Z | buy | USDC=30 | fiat=RON | rate=4.85 | in=145.58 RON | out=30.00 USDC | quoteId=37c31780-dbf9-4c10-b36f-3ffee58102cc
2026-04-09T07:54:46.585Z | buy | USDC=30 | fiat=RSD | rate=111.78 | in=3353.26 RSD | out=30.00 USDC | quoteId=3e8b9850-5b19-4230-bc5f-ea86f8adf735
2026-04-09T07:54:46.585Z | buy | USDC=30 | fiat=RUB | rate=87.41 | in=2622.32 RUB | out=30.00 USDC | quoteId=487e06c2-0f5d-4036-97bb-08cb8940897c
2026-04-09T07:54:49.038Z | sell | USDC=30 | fiat=NGN | rate=1390.76 | in=30.00 USDC | out=41722.74 NGN | quoteId=589e85a1-fad9-42bb-a378-0f1a6e608c81
2026-04-09T07:54:46.585Z | buy | USDC=30 | fiat=RWF | rate=1574.40 | in=47232.00 RWF | out=30.00 USDC | quoteId=d8484e5c-7013-4953-af15-61915f43efe6
2026-04-09T07:54:49.038Z | sell | USDC=30 | fiat=NIO | rate=37.29 | in=30.00 USDC | out=1118.79 NIO | quoteId=f90b74d8-4672-4ca6-a4d3-3fce3f22d812
2026-04-09T07:54:46.585Z | buy | USDC=30 | fiat=SAR | rate=4.17 | in=125.22 SAR | out=30.00 USDC | quoteId=e66e2f4f-2ad4-4d29-ab83-54c232307cbc
2026-04-09T07:54:49.038Z | sell | USDC=30 | fiat=NOK | rate=9.70 | in=30.00 USDC | out=290.92 NOK | quoteId=de14c50a-65d4-4e67-8312-c33ada55f55a
2026-04-09T07:54:46.585Z | buy | USDC=30 | fiat=SBD | rate=8.93 | in=267.80 SBD | out=30.00 USDC | quoteId=1a1731a0-4be1-4487-bf2c-771f6a3aab8e
2026-04-09T07:54:49.038Z | sell | USDC=30 | fiat=NPR | rate=150.17 | in=30.00 USDC | out=4505.22 NPR | quoteId=9a2f45d2-42f0-42c0-9244-57bc56199cb3
2026-04-09T07:54:46.585Z | buy | USDC=30 | fiat=SCR | rate=16.08 | in=482.51 SCR | out=30.00 USDC | quoteId=6fedfdaf-6b61-429e-b2b7-ec990427be9a
2026-04-09T07:54:49.038Z | sell | USDC=30 | fiat=NZD | rate=1.74 | in=30.00 USDC | out=52.20 NZD | quoteId=8d48289a-3523-4845-8a12-2fe8949093d6
2026-04-09T07:54:46.585Z | buy | USDC=30 | fiat=SDG | rate=606.72 | in=18201.59 SDG | out=30.00 USDC | quoteId=ae14ccf5-66cd-4c64-99b7-26d34a1322f2
2026-04-09T07:54:49.038Z | sell | USDC=30 | fiat=OMR | rate=0.39 | in=30.00 USDC | out=11.70 OMR | quoteId=2d5621f3-64b4-4f37-9839-8984bf7c29b9
2026-04-09T07:54:46.585Z | buy | USDC=30 | fiat=SEK | rate=10.36 | in=310.65 SEK | out=30.00 USDC | quoteId=321eb199-bf35-4a80-a130-94466b3a6238
2026-04-09T07:54:49.038Z | sell | USDC=30 | fiat=PAB | rate=1.01 | in=30.00 USDC | out=30.42 PAB | quoteId=573a50cb-874d-4279-a09f-4edd105741a5
2026-04-09T07:54:46.585Z | buy | USDC=30 | fiat=SGD | rate=1.42 | in=42.54 SGD | out=30.00 USDC | quoteId=84d95952-963d-453d-ac1e-3830b8bcd3ad
2026-04-09T07:54:49.038Z | sell | USDC=30 | fiat=PEN | rate=3.46 | in=30.00 USDC | out=103.69 PEN | quoteId=7f959e3c-7c90-4204-80b6-64b1a9de53c3
2026-04-09T07:54:46.585Z | buy | USDC=30 | fiat=SHP | rate=0.83 | in=24.89 SHP | out=30.00 USDC | quoteId=18a2db83-ae65-4d52-bc6b-f64ab9ed2237
2026-04-09T07:54:49.038Z | sell | USDC=30 | fiat=PGK | rate=4.43 | in=30.00 USDC | out=132.97 PGK | quoteId=212c4203-c181-4ed0-8423-2291a19796c3
2026-04-09T07:54:46.585Z | buy | USDC=30 | fiat=SLE | rate=27.51 | in=825.27 SLE | out=30.00 USDC | quoteId=cdfa5318-3d85-470d-a577-be516453f433
2026-04-09T07:54:49.038Z | sell | USDC=30 | fiat=PHP | rate=60.36 | in=30.00 USDC | out=1810.67 PHP | quoteId=23457542-f4e3-41e8-a265-99979501eb96
2026-04-09T07:54:46.585Z | buy | USDC=30 | fiat=SLL | rate=27508.91 | in=825267.25 SLL | out=30.00 USDC | quoteId=4e85aa45-7798-48f2-9b4a-50996b3f3111
2026-04-09T07:54:49.038Z | sell | USDC=30 | fiat=PKR | rate=282.65 | in=30.00 USDC | out=8479.61 PKR | quoteId=bd465562-0f5c-4e64-bac3-0e4936145da8
2026-04-09T07:54:46.585Z | buy | USDC=30 | fiat=SOS | rate=637.72 | in=19131.46 SOS | out=30.00 USDC | quoteId=4719a570-965a-43ff-a99c-29114134bdfe
2026-04-09T07:54:49.038Z | sell | USDC=30 | fiat=PLN | rate=3.69 | in=30.00 USDC | out=110.84 PLN | quoteId=f2a88095-b2d4-4351-ad5d-616a96de31f1
2026-04-09T07:54:46.585Z | buy | USDC=30 | fiat=SRD | rate=41.91 | in=1257.30 SRD | out=30.00 USDC | quoteId=ccbf3142-36e4-49ff-b18a-bb020a487dbc
2026-04-09T07:54:49.038Z | sell | USDC=30 | fiat=PYG | rate=6577.03 | in=30.00 USDC | out=197310.91 PYG | quoteId=126dc495-cf51-4259-80a3-4ce4a9bd7a5e
2026-04-09T07:54:46.585Z | buy | USDC=30 | fiat=SSP | rate=5105.59 | in=153167.80 SSP | out=30.00 USDC | quoteId=3d383069-47f2-44d4-8e79-f57cbf265303
2026-04-09T07:54:49.038Z | sell | USDC=30 | fiat=QAR | rate=3.69 | in=30.00 USDC | out=110.72 QAR | quoteId=4ecf7a90-866d-407b-9ed3-3e432d6affc9
2026-04-09T07:54:46.585Z | buy | USDC=30 | fiat=STN | rate=23.35 | in=700.59 STN | out=30.00 USDC | quoteId=5115091a-063c-4de5-a9cd-421a4af640d6
2026-04-09T07:54:49.038Z | sell | USDC=30 | fiat=RON | rate=4.42 | in=30.00 USDC | out=132.61 RON | quoteId=d64d0575-5bc1-42b0-861d-653d2b7a5c0e
2026-04-09T07:54:46.585Z | buy | USDC=30 | fiat=SYP | rate=126.43 | in=3792.80 SYP | out=30.00 USDC | quoteId=7a584e64-d6e8-46eb-a409-b55a385b36a8
2026-04-09T07:54:49.038Z | sell | USDC=30 | fiat=RSD | rate=101.82 | in=30.00 USDC | out=3054.47 RSD | quoteId=9721dcf8-56b5-4f91-b34d-59e00ee4eef2
2026-04-09T07:54:46.585Z | buy | USDC=30 | fiat=SZL | rate=18.25 | in=547.55 SZL | out=30.00 USDC | quoteId=ccc2b664-2f09-44fa-8b23-e2f67037c6bf
2026-04-09T07:54:49.038Z | sell | USDC=30 | fiat=RUB | rate=79.62 | in=30.00 USDC | out=2388.66 RUB | quoteId=bf2c81cd-7173-46da-9814-dec64ae43a4f
2026-04-09T07:54:46.585Z | buy | USDC=30 | fiat=THB | rate=35.64 | in=1069.14 THB | out=30.00 USDC | quoteId=fa3bb971-5f4c-4821-a8e2-60200885b98d
2026-04-09T07:54:49.038Z | sell | USDC=30 | fiat=RWF | rate=1428.38 | in=30.00 USDC | out=42851.25 RWF | quoteId=06452d78-af8e-42a4-8789-608d7c52a660
2026-04-09T07:54:46.585Z | buy | USDC=30 | fiat=TJS | rate=10.62 | in=318.68 TJS | out=30.00 USDC | quoteId=3b256086-8fff-442e-9336-62f4eb663d04
2026-04-09T07:54:49.038Z | sell | USDC=30 | fiat=SAR | rate=3.80 | in=30.00 USDC | out=114.06 SAR | quoteId=69022c8c-e055-4515-856a-c7e5a03daae8
2026-04-09T07:54:46.585Z | buy | USDC=30 | fiat=TMT | rate=3.90 | in=117.08 TMT | out=30.00 USDC | quoteId=77cf1765-61aa-4727-af44-8fc38f028448
2026-04-09T07:54:49.038Z | sell | USDC=30 | fiat=SBD | rate=8.13 | in=30.00 USDC | out=243.94 SBD | quoteId=3796b459-4174-411c-b1da-a4990065082b
2026-04-09T07:54:46.585Z | buy | USDC=30 | fiat=TND | rate=3.23 | in=97.04 TND | out=30.00 USDC | quoteId=1d1e7f42-28d5-4f36-9d9b-5520f0ccde72
2026-04-09T07:54:49.038Z | sell | USDC=30 | fiat=SCR | rate=14.65 | in=30.00 USDC | out=439.51 SCR | quoteId=aafd6c10-ca6b-4fbd-b4f2-c25c29d1cd57
2026-04-09T07:54:46.585Z | buy | USDC=30 | fiat=TOP | rate=2.66 | in=79.76 TOP | out=30.00 USDC | quoteId=c9e90b43-8411-42bc-b2a3-689b9f32334c
2026-04-09T07:54:49.038Z | sell | USDC=30 | fiat=SDG | rate=552.66 | in=30.00 USDC | out=16579.71 SDG | quoteId=b6f85796-fe27-4994-9348-3a8ce9cf3b14
2026-04-09T07:54:46.585Z | buy | USDC=30 | fiat=TRY | rate=49.53 | in=1485.93 TRY | out=30.00 USDC | quoteId=6bc73176-7954-4062-b02b-a0fe7fd5b658
2026-04-09T07:54:49.038Z | sell | USDC=30 | fiat=SEK | rate=9.43 | in=30.00 USDC | out=282.97 SEK | quoteId=4b281bac-f4b9-4153-b447-066e0ce84d41
2026-04-09T07:54:46.585Z | buy | USDC=30 | fiat=TTD | rate=7.53 | in=225.85 TTD | out=30.00 USDC | quoteId=07c58b69-bd2b-4708-9e3d-08f171debed9
2026-04-09T07:54:49.038Z | sell | USDC=30 | fiat=SGD | rate=1.29 | in=30.00 USDC | out=38.75 SGD | quoteId=883ad03a-0d14-4087-9f9f-737d2990cce6
2026-04-09T07:54:46.585Z | buy | USDC=30 | fiat=TVD | rate=1.58 | in=47.39 TVD | out=30.00 USDC | quoteId=292b94d1-a7fd-42eb-87b5-49ecea545901
2026-04-09T07:54:49.038Z | sell | USDC=30 | fiat=SHP | rate=0.76 | in=30.00 USDC | out=22.67 SHP | quoteId=6980fa03-e7a4-4a46-94f9-b3636e9093be
2026-04-09T07:54:46.585Z | buy | USDC=30 | fiat=TWD | rate=35.35 | in=1060.35 TWD | out=30.00 USDC | quoteId=0883aa56-5f23-4faa-93ff-e9a25eca8ac3
2026-04-09T07:54:49.038Z | sell | USDC=30 | fiat=SLE | rate=25.06 | in=30.00 USDC | out=751.73 SLE | quoteId=b4885081-74d9-442b-aac3-a92528990661
2026-04-09T07:54:46.585Z | buy | USDC=30 | fiat=TZS | rate=2770.57 | in=83117.25 TZS | out=30.00 USDC | quoteId=760db8f0-519e-4264-bf33-9922fc858434
2026-04-09T07:54:49.038Z | sell | USDC=30 | fiat=SLL | rate=25057.69 | in=30.00 USDC | out=751730.57 SLL | quoteId=e2481556-c5b4-4143-8176-156211a916cf
2026-04-09T07:54:46.585Z | buy | USDC=30 | fiat=UAH | rate=48.29 | in=1448.81 UAH | out=30.00 USDC | quoteId=42a38e46-e562-4dc2-82b6-34efaea6f696
2026-04-09T07:54:49.038Z | sell | USDC=30 | fiat=SOS | rate=580.89 | in=30.00 USDC | out=17426.72 SOS | quoteId=e43f6a56-65ff-43e9-b2e7-af033ff85c31
2026-04-09T07:54:46.585Z | buy | USDC=30 | fiat=UGX | rate=4021.07 | in=120632.25 UGX | out=30.00 USDC | quoteId=e588eb93-304c-44bd-9f2f-3bf5fa8250a7
2026-04-09T07:54:49.038Z | sell | USDC=30 | fiat=SRD | rate=38.18 | in=30.00 USDC | out=1145.26 SRD | quoteId=cf3010a2-2fa2-4194-983f-419e1cd616a0
2026-04-09T07:54:46.585Z | buy | USDC=30 | fiat=USD | rate=1.11 | in=33.39 USD | out=30.00 USDC | quoteId=792e6ee5-a4dd-4062-b9a5-97178400a091
2026-04-09T07:54:49.038Z | sell | USDC=30 | fiat=SSP | rate=4650.65 | in=30.00 USDC | out=139519.55 SSP | quoteId=eb95ba57-993f-4876-b0d0-94c2933799cf
2026-04-09T07:54:46.585Z | buy | USDC=30 | fiat=UYU | rate=45.10 | in=1352.93 UYU | out=30.00 USDC | quoteId=67d12a0e-f57a-418d-a4e7-279886310db9
2026-04-09T07:54:49.038Z | sell | USDC=30 | fiat=STN | rate=21.27 | in=30.00 USDC | out=638.16 STN | quoteId=efdbc620-ace3-4116-a321-f858f2852f28
2026-04-09T07:54:49.038Z | sell | USDC=30 | fiat=SYP | rate=115.16 | in=30.00 USDC | out=3454.83 SYP | quoteId=ab33f998-bb48-4b05-9415-23edca02710f
2026-04-09T07:54:46.585Z | buy | USDC=30 | fiat=UZS | rate=13618.82 | in=408564.54 UZS | out=30.00 USDC | quoteId=8fe0b396-8444-4887-ba72-bc7b4d19ef95
2026-04-09T07:54:49.038Z | sell | USDC=30 | fiat=SZL | rate=16.63 | in=30.00 USDC | out=498.76 SZL | quoteId=15529862-e8ac-4668-83b4-a07fc8de3164
2026-04-09T07:54:46.585Z | buy | USDC=30 | fiat=VES | rate=529.77 | in=15893.02 VES | out=30.00 USDC | quoteId=773dbca7-01d0-4033-9a4e-21377b580ef1
2026-04-09T07:54:49.038Z | sell | USDC=30 | fiat=THB | rate=32.46 | in=30.00 USDC | out=973.87 THB | quoteId=f1ff805b-8071-4a5b-9261-6f9744fa4574
2026-04-09T07:54:46.585Z | buy | USDC=30 | fiat=VND | rate=29232.43 | in=876973.03 VND | out=30.00 USDC | quoteId=fcc4bb73-5205-4b67-a563-fd5982054ba2
2026-04-09T07:54:49.038Z | sell | USDC=30 | fiat=TJS | rate=9.68 | in=30.00 USDC | out=290.28 TJS | quoteId=8888bb89-4f70-4b46-9c71-4c49a4bddbd8
2026-04-09T07:54:46.585Z | buy | USDC=30 | fiat=VUV | rate=133.73 | in=4011.94 VUV | out=30.00 USDC | quoteId=7fbd0220-7b89-47a1-bb14-1a582cbb830f
2026-04-09T07:54:49.038Z | sell | USDC=30 | fiat=TMT | rate=3.55 | in=30.00 USDC | out=106.65 TMT | quoteId=0e3be1b4-7779-41d8-b3dc-253745060034
2026-04-09T07:54:46.585Z | buy | USDC=30 | fiat=WST | rate=3.05 | in=91.58 WST | out=30.00 USDC | quoteId=9b2755bb-4e92-4ddf-b500-de6e647dcdd3
2026-04-09T07:54:49.038Z | sell | USDC=30 | fiat=TND | rate=2.95 | in=30.00 USDC | out=88.39 TND | quoteId=f04fbd24-a15c-4455-b4fd-3f5d1af6c3cd
2026-04-09T07:54:46.585Z | buy | USDC=30 | fiat=XAF | rate=617.05 | in=18511.50 XAF | out=30.00 USDC | quoteId=8c98e478-8e4a-4b26-82fb-824880a338ef
2026-04-09T07:54:49.038Z | sell | USDC=30 | fiat=TOP | rate=2.42 | in=30.00 USDC | out=72.65 TOP | quoteId=d0873d70-5e91-439d-aa80-0915fee545d3
2026-04-09T07:54:46.585Z | buy | USDC=30 | fiat=XCD | rate=3.01 | in=90.16 XCD | out=30.00 USDC | quoteId=b04858f9-afb1-4b71-bc60-3bfd954e4ada
2026-04-09T07:54:49.038Z | sell | USDC=30 | fiat=TRY | rate=45.12 | in=30.00 USDC | out=1353.53 TRY | quoteId=8a4f7ed3-040b-44df-a1c0-c79d32512e8a
2026-04-09T07:54:46.585Z | buy | USDC=30 | fiat=XCG | rate=1.99 | in=59.77 XCG | out=30.00 USDC | quoteId=88c67c7d-21fb-4c6d-b5b1-2bd16d71fbac
2026-04-09T07:54:49.038Z | sell | USDC=30 | fiat=TTD | rate=6.86 | in=30.00 USDC | out=205.73 TTD | quoteId=ce497479-2f5d-4eb0-a85c-2cfaec25b27d
2026-04-09T07:54:46.585Z | buy | USDC=30 | fiat=XDR | rate=0.81 | in=24.37 XDR | out=30.00 USDC | quoteId=b60dd4e6-6c54-4134-8949-c21248a06349
2026-04-09T07:54:49.038Z | sell | USDC=30 | fiat=TVD | rate=1.44 | in=30.00 USDC | out=43.16 TVD | quoteId=22d65467-5c91-4adc-b009-9c0a76b9a5eb
2026-04-09T07:54:46.585Z | buy | USDC=30 | fiat=XOF | rate=599.63 | in=17988.75 XOF | out=30.00 USDC | quoteId=1a48b978-6ff8-488e-916d-6801a3504567
2026-04-09T07:54:49.038Z | sell | USDC=30 | fiat=TWD | rate=32.20 | in=30.00 USDC | out=965.87 TWD | quoteId=c436ce71-912c-41e6-9845-1d95de63da2d
2026-04-09T07:54:46.585Z | buy | USDC=30 | fiat=XPF | rate=113.74 | in=3412.33 XPF | out=30.00 USDC | quoteId=09bb6806-8474-426f-9002-d85f31967a54
2026-04-09T07:54:49.038Z | sell | USDC=30 | fiat=TZS | rate=2495.03 | in=30.00 USDC | out=74850.75 TZS | quoteId=cd4f4bb3-3c11-4656-be11-0306c82342cd
2026-04-09T07:54:46.585Z | buy | USDC=30 | fiat=YER | rate=265.68 | in=7970.50 YER | out=30.00 USDC | quoteId=eacff7e2-d620-43f6-af90-2143db0c1e30
2026-04-09T07:54:49.038Z | sell | USDC=30 | fiat=UAH | rate=43.99 | in=30.00 USDC | out=1319.71 UAH | quoteId=22b302c0-bce9-4ac1-ba80-1b7a22a29011
2026-04-09T07:54:46.585Z | buy | USDC=30 | fiat=ZAR | rate=18.25 | in=547.59 ZAR | out=30.00 USDC | quoteId=c44d88be-f917-49ad-82e6-cc48dce71900
2026-04-09T07:54:46.585Z | buy | USDC=30 | fiat=ZMW | rate=20.33 | in=609.77 ZMW | out=30.00 USDC | quoteId=3da302d6-6dc9-44dc-995b-c56f60db8c95
2026-04-09T07:54:46.585Z | buy | USDC=30 | fiat=ZWG | rate=28.09 | in=842.72 ZWG | out=30.00 USDC | quoteId=70f299e6-5315-47fc-8530-bcaf952a931d
2026-04-09T07:54:49.038Z | sell | USDC=30 | fiat=UGX | rate=3768.81 | in=30.00 USDC | out=113064.42 UGX | quoteId=1208f8e4-2853-4566-863d-25fa94b76406
2026-04-09T07:54:46.585Z | buy | USDC=30 | fiat=ZWL | rate=28.09 | in=842.72 ZWL | out=30.00 USDC | quoteId=345b83a8-5c0b-4b16-a169-e7376afe2a98
2026-04-09T07:54:49.038Z | sell | USDC=30 | fiat=USD | rate=1.01 | in=30.00 USDC | out=30.42 USD | quoteId=80f038b2-b627-44c5-b5a4-57ea5317f60c
2026-04-09T07:54:49.038Z | sell | USDC=30 | fiat=UYU | rate=41.08 | in=30.00 USDC | out=1232.38 UYU | quoteId=a29e8453-b372-4011-9374-e9e4e3586330
2026-04-09T07:54:49.038Z | sell | USDC=30 | fiat=UZS | rate=12405.29 | in=30.00 USDC | out=372158.78 UZS | quoteId=3825239b-0323-425d-9448-2968b509e8d3
2026-04-09T07:54:49.038Z | sell | USDC=30 | fiat=VES | rate=482.56 | in=30.00 USDC | out=14476.85 VES | quoteId=48d00be9-8526-4ab6-84f9-f2c9e83a5d4b
2026-04-09T07:54:49.038Z | sell | USDC=30 | fiat=VND | rate=26627.63 | in=30.00 USDC | out=798829.03 VND | quoteId=59eee669-cace-4a3f-8303-5acf29953523
2026-04-09T07:54:49.038Z | sell | USDC=30 | fiat=VUV | rate=121.81 | in=30.00 USDC | out=3654.45 VUV | quoteId=7ba96abf-187e-44b1-b6b1-dddd9bda168d
2026-04-09T07:54:49.038Z | sell | USDC=30 | fiat=WST | rate=2.78 | in=30.00 USDC | out=83.42 WST | quoteId=4403014c-f471-4fad-af2a-5b4298829c38
2026-04-09T07:54:49.038Z | sell | USDC=30 | fiat=XAF | rate=572.32 | in=30.00 USDC | out=17169.75 XAF | quoteId=1ab152d4-d650-48bf-b26d-aed91036f53a
2026-04-09T07:54:49.038Z | sell | USDC=30 | fiat=XCD | rate=2.74 | in=30.00 USDC | out=82.12 XCD | quoteId=f12288d4-85be-47ff-8247-f7ad776c6a77
2026-04-09T07:54:49.038Z | sell | USDC=30 | fiat=XCG | rate=1.81 | in=30.00 USDC | out=54.45 XCG | quoteId=58a1d704-1a9d-4cee-b3c3-5fb3bd424c90
2026-04-09T07:54:49.038Z | sell | USDC=30 | fiat=XDR | rate=0.74 | in=30.00 USDC | out=22.19 XDR | quoteId=aac71ad4-b8e3-4954-941b-14a200770bba
2026-04-09T07:54:49.038Z | sell | USDC=30 | fiat=XOF | rate=530.40 | in=30.00 USDC | out=15912.00 XOF | quoteId=52b715a9-e287-4ba9-839e-4e5710030f95
2026-04-09T07:54:49.038Z | sell | USDC=30 | fiat=XPF | rate=103.61 | in=30.00 USDC | out=3108.27 XPF | quoteId=f1627c23-ee93-45e4-86f1-6b9a1a85bb6a
2026-04-09T07:54:49.038Z | sell | USDC=30 | fiat=YER | rate=242.01 | in=30.00 USDC | out=7260.28 YER | quoteId=497a956c-d19d-48f6-93a2-c8b2d8936a5e
2026-04-09T07:54:49.038Z | sell | USDC=30 | fiat=ZAR | rate=16.63 | in=30.00 USDC | out=498.80 ZAR | quoteId=b7bc6140-86a1-45cf-9620-06b1de9202be
2026-04-09T07:54:49.038Z | sell | USDC=30 | fiat=ZMW | rate=18.78 | in=30.00 USDC | out=563.36 ZMW | quoteId=b85efc45-8e76-4ff9-9364-80add22e43ad
2026-04-09T07:54:49.038Z | sell | USDC=30 | fiat=ZWG | rate=25.59 | in=30.00 USDC | out=767.63 ZWG | quoteId=63e05f18-3335-459b-aaa9-c19b30a9f16b
2026-04-09T07:54:49.038Z | sell | USDC=30 | fiat=ZWL | rate=25.59 | in=30.00 USDC | out=767.63 ZWL | quoteId=9f2f89af-278f-4862-b06b-3decdd273384
